TN:
SF:c:\Users\Oier\git\tradable-core/src/tradable.js
FN:4,(anonymous_1)
FN:4,(anonymous_2)
FN:4,(anonymous_3)
FN:23,(anonymous_4)
FN:79,(anonymous_5)
FN:85,(anonymous_6)
FN:92,(anonymous_7)
FN:102,(anonymous_8)
FN:109,(anonymous_9)
FN:116,(anonymous_10)
FN:122,(anonymous_11)
FN:128,(anonymous_12)
FN:135,(anonymous_13)
FN:138,(anonymous_14)
FN:157,(anonymous_15)
FN:171,(anonymous_16)
FN:172,(anonymous_17)
FN:173,(anonymous_18)
FN:180,(anonymous_19)
FN:186,(anonymous_20)
FN:196,(anonymous_21)
FN:209,(anonymous_22)
FN:247,(anonymous_23)
FN:269,(anonymous_24)
FN:279,(anonymous_25)
FN:288,(anonymous_26)
FN:293,(anonymous_27)
FN:304,(anonymous_28)
FN:320,(anonymous_29)
FN:331,(anonymous_30)
FN:335,(anonymous_31)
FN:348,(anonymous_32)
FN:364,(anonymous_33)
FN:366,(anonymous_34)
FN:374,(anonymous_35)
FN:381,(anonymous_36)
FN:388,(anonymous_37)
FN:391,(anonymous_38)
FN:397,(anonymous_39)
FN:401,processTokenWillExpire
FN:404,(anonymous_41)
FN:415,(anonymous_42)
FN:425,(anonymous_43)
FN:432,(anonymous_44)
FN:438,(anonymous_45)
FN:442,(anonymous_46)
FN:458,(anonymous_47)
FN:475,(anonymous_48)
FN:476,(anonymous_49)
FN:495,(anonymous_50)
FN:505,(anonymous_51)
FN:514,(anonymous_52)
FN:521,(anonymous_53)
FN:523,(anonymous_54)
FN:525,(anonymous_55)
FN:528,(anonymous_56)
FN:540,(anonymous_57)
FN:543,(anonymous_58)
FN:546,(anonymous_59)
FN:549,(anonymous_60)
FN:566,(anonymous_61)
FN:579,(anonymous_62)
FN:597,(anonymous_63)
FN:600,(anonymous_64)
FN:602,(anonymous_65)
FN:619,(anonymous_66)
FN:622,(anonymous_67)
FN:625,(anonymous_68)
FN:628,(anonymous_69)
FN:631,(anonymous_70)
FN:651,(anonymous_71)
FN:654,(anonymous_72)
FN:657,(anonymous_73)
FN:659,(anonymous_74)
FN:676,(anonymous_75)
FN:694,(anonymous_76)
FN:723,(anonymous_77)
FN:738,(anonymous_78)
FN:753,(anonymous_79)
FN:756,(anonymous_80)
FN:789,(anonymous_81)
FN:801,(anonymous_82)
FN:813,(anonymous_83)
FN:825,(anonymous_84)
FN:840,(anonymous_85)
FN:868,(anonymous_86)
FN:881,(anonymous_87)
FN:883,(anonymous_88)
FN:886,(anonymous_89)
FN:888,(anonymous_90)
FN:898,(anonymous_91)
FN:907,(anonymous_92)
FN:918,(anonymous_93)
FN:940,(anonymous_94)
FN:941,(anonymous_95)
FN:945,(anonymous_96)
FN:983,(anonymous_97)
FN:1012,(anonymous_98)
FN:1034,(anonymous_99)
FN:1041,(anonymous_100)
FN:1045,(anonymous_101)
FN:1049,startCandleListener
FN:1050,(anonymous_103)
FN:1064,processCandle
FN:1083,getPriceFromList
FN:1085,(anonymous_106)
FN:1097,(anonymous_107)
FN:1115,(anonymous_108)
FN:1128,(anonymous_109)
FN:1148,(anonymous_110)
FN:1168,(anonymous_111)
FN:1179,(anonymous_112)
FN:1182,(anonymous_113)
FN:1189,(anonymous_114)
FN:1191,(anonymous_115)
FN:1198,(anonymous_116)
FN:1204,(anonymous_117)
FN:1206,(anonymous_118)
FN:1208,(anonymous_119)
FN:1230,(anonymous_120)
FN:1250,(anonymous_121)
FN:1257,(anonymous_122)
FN:1260,(anonymous_123)
FN:1264,(anonymous_124)
FN:1272,(anonymous_125)
FN:1274,(anonymous_126)
FN:1282,matchInstruments
FN:1284,(anonymous_128)
FN:1291,escRegex
FN:1295,normalizeInstrumentObject
FN:1304,(anonymous_131)
FN:1319,(anonymous_132)
FN:1331,(anonymous_133)
FN:1343,(anonymous_134)
FN:1355,(anonymous_135)
FN:1375,(anonymous_136)
FN:1397,(anonymous_137)
FN:1412,(anonymous_138)
FN:1428,(anonymous_139)
FN:1443,(anonymous_140)
FN:1459,(anonymous_141)
FN:1462,(anonymous_142)
FN:1465,(anonymous_143)
FN:1485,(anonymous_144)
FN:1505,(anonymous_145)
FN:1515,(anonymous_146)
FN:1539,(anonymous_147)
FN:1556,(anonymous_148)
FN:1570,(anonymous_149)
FN:1578,(anonymous_150)
FN:1595,getProtection
FN:1611,(anonymous_152)
FN:1624,(anonymous_153)
FN:1636,(anonymous_154)
FN:1649,(anonymous_155)
FN:1661,(anonymous_156)
FN:1673,(anonymous_157)
FN:1686,(anonymous_158)
FN:1699,(anonymous_159)
FN:1710,(anonymous_160)
FN:1722,(anonymous_161)
FN:1732,(anonymous_162)
FN:1743,(anonymous_163)
FN:1755,(anonymous_164)
FN:1767,(anonymous_165)
FN:1776,(anonymous_166)
FN:1786,(anonymous_167)
FN:1798,(anonymous_168)
FN:1810,(anonymous_169)
FN:1823,(anonymous_170)
FN:1836,(anonymous_171)
FN:1847,(anonymous_172)
FN:1859,(anonymous_173)
FN:1870,(anonymous_174)
FN:1881,(anonymous_175)
FN:1894,(anonymous_176)
FN:1907,(anonymous_177)
FN:1924,(anonymous_178)
FN:1935,(anonymous_179)
FN:1947,(anonymous_180)
FN:1959,(anonymous_181)
FN:1970,(anonymous_182)
FN:1982,(anonymous_183)
FN:1992,(anonymous_184)
FN:2003,(anonymous_185)
FN:2013,(anonymous_186)
FN:2024,(anonymous_187)
FN:2027,(anonymous_188)
FN:2030,(anonymous_189)
FN:2047,(anonymous_190)
FN:2060,(anonymous_191)
FN:2071,(anonymous_192)
FN:2078,(anonymous_193)
FN:2080,(anonymous_194)
FN:2087,(anonymous_195)
FN:2105,(anonymous_196)
FN:2111,(anonymous_197)
FN:2124,(anonymous_198)
FN:2136,(anonymous_199)
FN:2160,(anonymous_200)
FN:2170,(anonymous_201)
FN:2172,(anonymous_202)
FN:2180,(anonymous_203)
FN:2190,(anonymous_204)
FN:2192,(anonymous_205)
FN:2194,(anonymous_206)
FN:2205,initializeLibrary
FN:2235,(anonymous_208)
FN:2240,processHashFragment
FN:2262,getTokenValuesFromHashFragment
FN:2275,(anonymous_211)
FN:2291,initializeTradableConfig
FN:2314,getRedirectUrl
FN:2321,formOAuthEndpoint
FN:2343,getTokenFromStorage
FN:2361,getItemKey
FN:2364,setInLocalStorage
FN:2367,getFromLocalStorage
FN:2370,removeFromLocalStorage
FN:2374,isLocalStorageSupported
FN:2385,popupwindow
FN:2401,getDecimalQty
FN:2409,initializeValuesForCurrentAccount
FN:2418,(anonymous_224)
FN:2425,(anonymous_225)
FN:2436,getInstruments
FN:2444,getInstrumentsForAccount
FN:2448,isFullInstrumentListAvailable
FN:2451,isFullInstrumentListAvailableForAccount
FN:2453,(anonymous_230)
FN:2461,getDefaultInstruments
FN:2465,(anonymous_232)
FN:2468,(anonymous_233)
FN:2474,(anonymous_234)
FN:2477,(anonymous_235)
FN:2480,(anonymous_236)
FN:2483,(anonymous_237)
FN:2485,(anonymous_238)
FN:2492,gatherForexInstrumentIds
FN:2494,(anonymous_240)
FN:2504,resetInstrumentCache
FN:2512,isInstrumentCached
FN:2515,cacheInstruments
FN:2516,(anonymous_244)
FN:2537,cacheCurrency
FN:2546,findMissingInstrumentIds
FN:2548,(anonymous_247)
FN:2556,resetUpdates
FN:2562,resetExcludedAccounts
FN:2566,excludeAndValidate
FN:2572,(anonymous_251)
FN:2574,(anonymous_252)
FN:2585,validateToken
FN:2589,(anonymous_254)
FN:2592,(anonymous_255)
FN:2598,getAccountIdToInitialize
FN:2612,setSelectedAccountAndNotify
FN:2618,(anonymous_258)
FN:2621,(anonymous_259)
FN:2631,setTradingEnabled
FN:2644,notifyReadyCallbacks
FN:2645,(anonymous_262)
FN:2653,processAccountUpdate
FN:2659,(anonymous_264)
FN:2665,(anonymous_265)
FN:2672,(anonymous_266)
FN:2674,(anonymous_267)
FN:2680,(anonymous_268)
FN:2686,checkInstrumentsToCache
FN:2693,(anonymous_270)
FN:2701,(anonymous_271)
FN:2703,(anonymous_272)
FN:2714,notifyTokenExpired
FN:2717,(anonymous_274)
FN:2723,notifyErrorCallbacks
FN:2724,(anonymous_276)
FN:2730,notifyAccountSwitchCallbacks
FN:2732,(anonymous_278)
FN:2738,notifyReloginRequiredCallbacks
FN:2743,notifyNamespaceCallbacks
FN:2757,executeCallback
FN:2773,findAndNotifyExecutions
FN:2803,resetNotifiedExecutions
FN:2811,Execution
FN:2816,(anonymous_285)
FN:2822,collectNewExecutions
FN:2844,needToClearPositions
FN:2848,(anonymous_288)
FN:2857,clearPositions
FN:2858,(anonymous_290)
FN:2867,getItemId
FN:2871,resolveDeferred
FN:2873,(anonymous_293)
FN:2876,(anonymous_294)
FN:2885,internalSignOut
FN:2894,(anonymous_296)
FN:2896,(anonymous_297)
FN:2903,hashCode
FN:2916,ie
FN:2921,isEmpty
FN:2970,isGreaterOrEqualMinVersion
FN:2971,(anonymous_302)
FN:2975,(anonymous_303)
FNF:303
FNH:230
FNDA:0,(anonymous_1)
FNDA:0,(anonymous_2)
FNDA:0,(anonymous_3)
FNDA:1,(anonymous_4)
FNDA:0,(anonymous_5)
FNDA:0,(anonymous_6)
FNDA:0,(anonymous_7)
FNDA:0,(anonymous_8)
FNDA:0,(anonymous_9)
FNDA:0,(anonymous_10)
FNDA:0,(anonymous_11)
FNDA:0,(anonymous_12)
FNDA:1,(anonymous_13)
FNDA:10,(anonymous_14)
FNDA:1,(anonymous_15)
FNDA:25,(anonymous_16)
FNDA:12,(anonymous_17)
FNDA:18,(anonymous_18)
FNDA:1,(anonymous_19)
FNDA:1,(anonymous_20)
FNDA:82,(anonymous_21)
FNDA:39,(anonymous_22)
FNDA:17,(anonymous_23)
FNDA:5,(anonymous_24)
FNDA:2,(anonymous_25)
FNDA:11,(anonymous_26)
FNDA:3,(anonymous_27)
FNDA:3,(anonymous_28)
FNDA:3,(anonymous_29)
FNDA:3,(anonymous_30)
FNDA:1,(anonymous_31)
FNDA:5,(anonymous_32)
FNDA:2,(anonymous_33)
FNDA:4,(anonymous_34)
FNDA:0,(anonymous_35)
FNDA:0,(anonymous_36)
FNDA:0,(anonymous_37)
FNDA:0,(anonymous_38)
FNDA:4,(anonymous_39)
FNDA:0,processTokenWillExpire
FNDA:0,(anonymous_41)
FNDA:0,(anonymous_42)
FNDA:1,(anonymous_43)
FNDA:5,(anonymous_44)
FNDA:2,(anonymous_45)
FNDA:111,(anonymous_46)
FNDA:111,(anonymous_47)
FNDA:106,(anonymous_48)
FNDA:3,(anonymous_49)
FNDA:103,(anonymous_50)
FNDA:4,(anonymous_51)
FNDA:4,(anonymous_52)
FNDA:0,(anonymous_53)
FNDA:0,(anonymous_54)
FNDA:0,(anonymous_55)
FNDA:0,(anonymous_56)
FNDA:9,(anonymous_57)
FNDA:6,(anonymous_58)
FNDA:15,(anonymous_59)
FNDA:1,(anonymous_60)
FNDA:5,(anonymous_61)
FNDA:57,(anonymous_62)
FNDA:1,(anonymous_63)
FNDA:141,(anonymous_64)
FNDA:3960,(anonymous_65)
FNDA:17,(anonymous_66)
FNDA:3,(anonymous_67)
FNDA:1,(anonymous_68)
FNDA:3,(anonymous_69)
FNDA:38,(anonymous_70)
FNDA:27,(anonymous_71)
FNDA:16,(anonymous_72)
FNDA:47,(anonymous_73)
FNDA:95,(anonymous_74)
FNDA:4,(anonymous_75)
FNDA:4,(anonymous_76)
FNDA:2,(anonymous_77)
FNDA:1,(anonymous_78)
FNDA:1,(anonymous_79)
FNDA:8,(anonymous_80)
FNDA:1,(anonymous_81)
FNDA:1,(anonymous_82)
FNDA:1,(anonymous_83)
FNDA:1,(anonymous_84)
FNDA:4,(anonymous_85)
FNDA:2,(anonymous_86)
FNDA:3,(anonymous_87)
FNDA:3,(anonymous_88)
FNDA:3,(anonymous_89)
FNDA:0,(anonymous_90)
FNDA:1,(anonymous_91)
FNDA:1,(anonymous_92)
FNDA:1,(anonymous_93)
FNDA:6,(anonymous_94)
FNDA:5,(anonymous_95)
FNDA:5,(anonymous_96)
FNDA:1,(anonymous_97)
FNDA:1,(anonymous_98)
FNDA:1,(anonymous_99)
FNDA:1,(anonymous_100)
FNDA:0,(anonymous_101)
FNDA:1,startCandleListener
FNDA:2,(anonymous_103)
FNDA:2,processCandle
FNDA:2,getPriceFromList
FNDA:2,(anonymous_106)
FNDA:2,(anonymous_107)
FNDA:7,(anonymous_108)
FNDA:7,(anonymous_109)
FNDA:0,(anonymous_110)
FNDA:3,(anonymous_111)
FNDA:2,(anonymous_112)
FNDA:0,(anonymous_113)
FNDA:3,(anonymous_114)
FNDA:84,(anonymous_115)
FNDA:0,(anonymous_116)
FNDA:2,(anonymous_117)
FNDA:0,(anonymous_118)
FNDA:0,(anonymous_119)
FNDA:3,(anonymous_120)
FNDA:5,(anonymous_121)
FNDA:1,(anonymous_122)
FNDA:21,(anonymous_123)
FNDA:0,(anonymous_124)
FNDA:4,(anonymous_125)
FNDA:0,(anonymous_126)
FNDA:1,matchInstruments
FNDA:85,(anonymous_128)
FNDA:1,escRegex
FNDA:21,normalizeInstrumentObject
FNDA:210,(anonymous_131)
FNDA:1,(anonymous_132)
FNDA:2,(anonymous_133)
FNDA:0,(anonymous_134)
FNDA:0,(anonymous_135)
FNDA:3,(anonymous_136)
FNDA:0,(anonymous_137)
FNDA:1,(anonymous_138)
FNDA:0,(anonymous_139)
FNDA:1,(anonymous_140)
FNDA:0,(anonymous_141)
FNDA:6,(anonymous_142)
FNDA:6,(anonymous_143)
FNDA:12,(anonymous_144)
FNDA:12,(anonymous_145)
FNDA:12,(anonymous_146)
FNDA:8,(anonymous_147)
FNDA:8,(anonymous_148)
FNDA:16,(anonymous_149)
FNDA:12,(anonymous_150)
FNDA:20,getProtection
FNDA:2,(anonymous_152)
FNDA:2,(anonymous_153)
FNDA:2,(anonymous_154)
FNDA:2,(anonymous_155)
FNDA:0,(anonymous_156)
FNDA:0,(anonymous_157)
FNDA:16,(anonymous_158)
FNDA:16,(anonymous_159)
FNDA:2,(anonymous_160)
FNDA:2,(anonymous_161)
FNDA:4,(anonymous_162)
FNDA:4,(anonymous_163)
FNDA:2,(anonymous_164)
FNDA:2,(anonymous_165)
FNDA:1,(anonymous_166)
FNDA:1,(anonymous_167)
FNDA:3,(anonymous_168)
FNDA:3,(anonymous_169)
FNDA:7,(anonymous_170)
FNDA:7,(anonymous_171)
FNDA:1,(anonymous_172)
FNDA:1,(anonymous_173)
FNDA:4,(anonymous_174)
FNDA:4,(anonymous_175)
FNDA:1,(anonymous_176)
FNDA:1,(anonymous_177)
FNDA:1,(anonymous_178)
FNDA:1,(anonymous_179)
FNDA:0,(anonymous_180)
FNDA:0,(anonymous_181)
FNDA:0,(anonymous_182)
FNDA:0,(anonymous_183)
FNDA:2,(anonymous_184)
FNDA:0,(anonymous_185)
FNDA:2,(anonymous_186)
FNDA:0,(anonymous_187)
FNDA:4,(anonymous_188)
FNDA:4,(anonymous_189)
FNDA:9,(anonymous_190)
FNDA:10,(anonymous_191)
FNDA:1,(anonymous_192)
FNDA:4,(anonymous_193)
FNDA:0,(anonymous_194)
FNDA:2,(anonymous_195)
FNDA:2,(anonymous_196)
FNDA:0,(anonymous_197)
FNDA:2,(anonymous_198)
FNDA:5,(anonymous_199)
FNDA:0,(anonymous_200)
FNDA:0,(anonymous_201)
FNDA:0,(anonymous_202)
FNDA:4,(anonymous_203)
FNDA:4,(anonymous_204)
FNDA:4,(anonymous_205)
FNDA:0,(anonymous_206)
FNDA:1,initializeLibrary
FNDA:1,(anonymous_208)
FNDA:0,processHashFragment
FNDA:1,getTokenValuesFromHashFragment
FNDA:3,(anonymous_211)
FNDA:6,initializeTradableConfig
FNDA:1,getRedirectUrl
FNDA:1,formOAuthEndpoint
FNDA:1,getTokenFromStorage
FNDA:79,getItemKey
FNDA:42,setInLocalStorage
FNDA:15,getFromLocalStorage
FNDA:21,removeFromLocalStorage
FNDA:16,isLocalStorageSupported
FNDA:0,popupwindow
FNDA:13,getDecimalQty
FNDA:4,initializeValuesForCurrentAccount
FNDA:4,(anonymous_224)
FNDA:0,(anonymous_225)
FNDA:3,getInstruments
FNDA:3,getInstrumentsForAccount
FNDA:11,isFullInstrumentListAvailable
FNDA:18,isFullInstrumentListAvailableForAccount
FNDA:18,(anonymous_230)
FNDA:4,getDefaultInstruments
FNDA:3,(anonymous_232)
FNDA:0,(anonymous_233)
FNDA:1,(anonymous_234)
FNDA:1,(anonymous_235)
FNDA:1,(anonymous_236)
FNDA:1,(anonymous_237)
FNDA:0,(anonymous_238)
FNDA:3,gatherForexInstrumentIds
FNDA:422,(anonymous_240)
FNDA:5,resetInstrumentCache
FNDA:535,isInstrumentCached
FNDA:5,cacheInstruments
FNDA:335,(anonymous_244)
FNDA:522,cacheCurrency
FNDA:6,findMissingInstrumentIds
FNDA:108,(anonymous_247)
FNDA:4,resetUpdates
FNDA:4,resetExcludedAccounts
FNDA:0,excludeAndValidate
FNDA:0,(anonymous_251)
FNDA:0,(anonymous_252)
FNDA:1,validateToken
FNDA:0,(anonymous_254)
FNDA:0,(anonymous_255)
FNDA:4,getAccountIdToInitialize
FNDA:4,setSelectedAccountAndNotify
FNDA:4,(anonymous_258)
FNDA:0,(anonymous_259)
FNDA:5,setTradingEnabled
FNDA:6,notifyReadyCallbacks
FNDA:2,(anonymous_262)
FNDA:8,processAccountUpdate
FNDA:5,(anonymous_264)
FNDA:7,(anonymous_265)
FNDA:7,(anonymous_266)
FNDA:6,(anonymous_267)
FNDA:0,(anonymous_268)
FNDA:7,checkInstrumentsToCache
FNDA:36,(anonymous_270)
FNDA:0,(anonymous_271)
FNDA:0,(anonymous_272)
FNDA:0,notifyTokenExpired
FNDA:0,(anonymous_274)
FNDA:3,notifyErrorCallbacks
FNDA:0,(anonymous_276)
FNDA:0,notifyAccountSwitchCallbacks
FNDA:0,(anonymous_278)
FNDA:0,notifyReloginRequiredCallbacks
FNDA:28,notifyNamespaceCallbacks
FNDA:54,executeCallback
FNDA:9,findAndNotifyExecutions
FNDA:3,resetNotifiedExecutions
FNDA:12,Execution
FNDA:9,(anonymous_285)
FNDA:48,collectNewExecutions
FNDA:194,needToClearPositions
FNDA:9,(anonymous_288)
FNDA:2,clearPositions
FNDA:3,(anonymous_290)
FNDA:197,getItemId
FNDA:147,resolveDeferred
FNDA:13,(anonymous_293)
FNDA:1,(anonymous_294)
FNDA:1,internalSignOut
FNDA:0,(anonymous_296)
FNDA:0,(anonymous_297)
FNDA:2,hashCode
FNDA:0,ie
FNDA:57,isEmpty
FNDA:49,isGreaterOrEqualMinVersion
FNDA:576,(anonymous_302)
FNDA:96,(anonymous_303)
DA:3,1
DA:4,0
DA:8,1
DA:9,0
DA:10,1
DA:11,0
DA:15,1
DA:18,1
DA:23,1
DA:26,1
DA:28,1
DA:29,1
DA:30,1
DA:31,1
DA:32,1
DA:34,1
DA:35,1
DA:36,1
DA:46,1
DA:80,0
DA:86,0
DA:93,0
DA:94,0
DA:96,0
DA:103,0
DA:110,0
DA:117,0
DA:123,0
DA:129,0
DA:136,1
DA:139,10
DA:143,10
DA:144,2
DA:146,8
DA:147,2
DA:150,8
DA:151,6
DA:152,2
DA:155,8
DA:158,1
DA:160,0
DA:161,0
DA:164,0
DA:165,0
DA:167,0
DA:168,0
DA:171,25
DA:172,12
DA:173,18
DA:181,1
DA:187,1
DA:188,1
DA:189,1
DA:190,1
DA:191,1
DA:192,1
DA:194,1
DA:197,82
DA:210,39
DA:211,1
DA:214,38
DA:216,16
DA:220,38
DA:221,1
DA:222,37
DA:223,6
DA:227,31
DA:228,1
DA:231,30
DA:232,4
DA:233,9
DA:234,4
DA:235,5
DA:238,30
DA:248,17
DA:249,2
DA:250,7
DA:253,2
DA:256,15
DA:257,15
DA:259,17
DA:260,57
DA:261,10
DA:262,10
DA:263,3
DA:264,2
DA:270,5
DA:271,5
DA:280,2
DA:281,1
DA:282,1
DA:284,1
DA:289,11
DA:290,4
DA:294,3
DA:295,3
DA:296,3
DA:305,3
DA:306,2
DA:307,2
DA:308,2
DA:309,1
DA:310,1
DA:313,1
DA:321,3
DA:322,2
DA:323,2
DA:324,2
DA:325,2
DA:328,1
DA:332,3
DA:333,3
DA:336,1
DA:337,1
DA:349,5
DA:350,1
DA:352,4
DA:353,4
DA:354,3
DA:365,2
DA:366,2
DA:367,4
DA:375,0
DA:382,0
DA:389,0
DA:392,0
DA:393,0
DA:398,4
DA:399,1
DA:401,1
DA:402,0
DA:403,0
DA:404,0
DA:405,0
DA:407,0
DA:416,0
DA:417,0
DA:418,0
DA:426,1
DA:427,0
DA:429,1
DA:433,5
DA:434,3
DA:435,3
DA:439,2
DA:440,2
DA:443,111
DA:444,111
DA:445,111
DA:446,7
DA:447,104
DA:448,7
DA:449,97
DA:450,97
DA:452,0
DA:453,0
DA:454,0
DA:456,111
DA:459,111
DA:460,110
DA:462,111
DA:475,111
DA:477,3
DA:478,3
DA:479,0
DA:480,0
DA:481,0
DA:482,0
DA:483,0
DA:484,0
DA:487,3
DA:488,3
DA:493,111
DA:496,103
DA:506,4
DA:507,4
DA:508,3
DA:509,4
DA:510,4
DA:511,4
DA:512,4
DA:513,4
DA:514,4
DA:515,4
DA:516,4
DA:518,4
DA:519,4
DA:522,0
DA:523,0
DA:524,0
DA:526,0
DA:527,0
DA:529,0
DA:532,0
DA:535,4
DA:537,0
DA:541,9
DA:544,6
DA:547,15
DA:550,1
DA:551,1
DA:552,1
DA:553,1
DA:554,1
DA:555,1
DA:567,5
DA:568,1
DA:570,4
DA:580,57
DA:581,1
DA:583,56
DA:584,52
DA:586,4
DA:588,4
DA:598,1
DA:601,141
DA:602,141
DA:603,3960
DA:604,141
DA:605,141
DA:608,141
DA:620,17
DA:623,3
DA:626,1
DA:629,3
DA:632,38
DA:633,38
DA:634,35
DA:635,35
DA:636,35
DA:638,35
DA:639,35
DA:640,35
DA:641,20
DA:643,35
DA:644,35
DA:645,35
DA:647,3
DA:648,3
DA:652,27
DA:655,16
DA:658,47
DA:659,47
DA:660,95
DA:661,72
DA:663,23
DA:666,47
DA:677,4
DA:678,4
DA:679,1
DA:681,3
DA:682,3
DA:695,4
DA:696,4
DA:697,1
DA:699,3
DA:700,3
DA:701,3
DA:724,2
DA:739,1
DA:754,1
DA:758,8
DA:759,8
DA:760,6
DA:761,2
DA:762,0
DA:765,8
DA:766,0
DA:769,8
DA:770,8
DA:772,8
DA:773,8
DA:774,1
DA:776,6
DA:777,6
DA:778,6
DA:780,7
DA:790,1
DA:802,1
DA:814,1
DA:826,1
DA:841,4
DA:844,4
DA:845,3
DA:846,3
DA:848,3
DA:851,4
DA:852,4
DA:853,4
DA:854,2
DA:856,2
DA:858,2
DA:859,1
DA:860,1
DA:861,1
DA:863,2
DA:865,2
DA:869,2
DA:871,2
DA:872,2
DA:873,0
DA:875,2
DA:877,0
DA:879,0
DA:882,3
DA:883,3
DA:884,3
DA:885,3
DA:887,3
DA:889,0
DA:899,1
DA:908,1
DA:919,1
DA:921,1
DA:922,1
DA:924,0
DA:926,1
DA:928,1
DA:941,6
DA:942,5
DA:943,5
DA:944,5
DA:945,5
DA:946,5
DA:948,5
DA:949,5
DA:951,5
DA:953,5
DA:956,6
DA:984,1
DA:1013,1
DA:1014,1
DA:1035,1
DA:1037,1
DA:1038,1
DA:1039,1
DA:1041,1
DA:1042,1
DA:1043,1
DA:1044,1
DA:1046,0
DA:1049,1
DA:1050,1
DA:1051,2
DA:1052,2
DA:1053,2
DA:1054,2
DA:1056,2
DA:1057,2
DA:1058,2
DA:1059,2
DA:1064,1
DA:1065,2
DA:1067,2
DA:1068,0
DA:1069,0
DA:1070,0
DA:1071,0
DA:1072,0
DA:1075,2
DA:1076,2
DA:1077,0
DA:1079,2
DA:1080,2
DA:1083,1
DA:1084,2
DA:1085,2
DA:1086,2
DA:1087,2
DA:1088,2
DA:1091,2
DA:1098,2
DA:1099,1
DA:1100,1
DA:1101,1
DA:1102,1
DA:1116,7
DA:1129,7
DA:1130,7
DA:1149,0
DA:1169,3
DA:1171,3
DA:1172,3
DA:1173,2
DA:1176,3
DA:1177,3
DA:1178,2
DA:1179,2
DA:1180,2
DA:1181,2
DA:1183,0
DA:1186,1
DA:1189,3
DA:1190,3
DA:1191,3
DA:1192,84
DA:1193,84
DA:1194,84
DA:1197,3
DA:1199,0
DA:1202,3
DA:1205,2
DA:1206,0
DA:1207,0
DA:1209,0
DA:1212,2
DA:1231,3
DA:1251,5
DA:1253,5
DA:1254,1
DA:1255,1
DA:1257,1
DA:1258,1
DA:1259,1
DA:1260,1
DA:1261,21
DA:1263,1
DA:1265,0
DA:1268,4
DA:1269,4
DA:1270,0
DA:1272,4
DA:1273,4
DA:1275,0
DA:1280,5
DA:1282,1
DA:1283,1
DA:1284,1
DA:1285,85
DA:1291,1
DA:1292,1
DA:1295,1
DA:1296,21
DA:1297,21
DA:1298,21
DA:1299,21
DA:1300,336
DA:1301,210
DA:1304,21
DA:1305,210
DA:1307,21
DA:1320,1
DA:1332,2
DA:1344,0
DA:1356,0
DA:1376,3
DA:1398,0
DA:1413,1
DA:1429,0
DA:1444,1
DA:1460,0
DA:1463,6
DA:1466,6
DA:1467,6
DA:1486,12
DA:1506,12
DA:1508,4
DA:1510,4
DA:1511,4
DA:1513,4
DA:1516,12
DA:1517,8
DA:1518,2
DA:1519,6
DA:1520,4
DA:1522,4
DA:1523,2
DA:1540,8
DA:1557,8
DA:1558,8
DA:1560,8
DA:1561,8
DA:1563,8
DA:1564,8
DA:1566,8
DA:1568,8
DA:1571,16
DA:1575,0
DA:1579,12
DA:1580,12
DA:1582,12
DA:1583,12
DA:1584,12
DA:1586,12
DA:1587,10
DA:1589,12
DA:1590,10
DA:1593,12
DA:1595,1
DA:1596,20
DA:1612,2
DA:1625,2
DA:1637,2
DA:1650,2
DA:1662,0
DA:1674,0
DA:1687,16
DA:1700,16
DA:1711,2
DA:1723,2
DA:1733,4
DA:1744,4
DA:1756,2
DA:1768,2
DA:1777,1
DA:1787,1
DA:1799,3
DA:1811,3
DA:1824,7
DA:1837,7
DA:1848,1
DA:1860,1
DA:1861,1
DA:1871,4
DA:1882,4
DA:1895,1
DA:1908,1
DA:1909,1
DA:1910,1
DA:1912,1
DA:1913,1
DA:1915,1
DA:1925,1
DA:1936,1
DA:1948,0
DA:1960,0
DA:1971,0
DA:1983,0
DA:1993,2
DA:2004,0
DA:2014,2
DA:2025,0
DA:2028,4
DA:2031,4
DA:2032,4
DA:2033,4
DA:2035,4
DA:2048,9
DA:2061,10
DA:2063,10
DA:2064,6
DA:2066,4
DA:2067,4
DA:2069,4
DA:2070,4
DA:2071,1
DA:2072,1
DA:2075,3
DA:2078,4
DA:2079,4
DA:2081,0
DA:2084,4
DA:2088,2
DA:2089,2
DA:2090,0
DA:2092,2
DA:2093,0
DA:2095,2
DA:2104,2
DA:2105,2
DA:2106,2
DA:2107,2
DA:2109,0
DA:2112,0
DA:2115,2
DA:2125,2
DA:2137,5
DA:2138,5
DA:2139,5
DA:2141,5
DA:2142,5
DA:2143,5
DA:2145,5
DA:2146,5
DA:2147,5
DA:2151,5
DA:2152,5
DA:2161,0
DA:2171,0
DA:2172,0
DA:2173,0
DA:2174,0
DA:2178,0
DA:2181,4
DA:2183,4
DA:2184,4
DA:2186,4
DA:2187,4
DA:2189,4
DA:2190,4
DA:2191,4
DA:2193,4
DA:2195,0
DA:2198,4
DA:2202,1
DA:2203,1
DA:2205,1
DA:2206,1
DA:2207,1
DA:2208,1
DA:2209,0
DA:2210,1
DA:2211,0
DA:2212,0
DA:2213,0
DA:2214,0
DA:2215,0
DA:2217,0
DA:2219,0
DA:2220,0
DA:2223,1
DA:2227,0
DA:2228,1
DA:2229,0
DA:2230,0
DA:2233,1
DA:2234,1
DA:2235,1
DA:2236,1
DA:2240,1
DA:2241,0
DA:2242,0
DA:2243,0
DA:2246,0
DA:2248,0
DA:2249,0
DA:2250,0
DA:2251,0
DA:2253,0
DA:2255,0
DA:2260,1
DA:2262,1
DA:2265,1
DA:2266,1
DA:2269,1
DA:2274,1
DA:2275,1
DA:2276,3
DA:2277,3
DA:2278,3
DA:2279,3
DA:2280,1
DA:2281,2
DA:2282,1
DA:2283,1
DA:2284,1
DA:2287,1
DA:2291,1
DA:2293,6
DA:2295,6
DA:2297,4
DA:2300,4
DA:2310,6
DA:2314,1
DA:2315,1
DA:2317,1
DA:2321,1
DA:2322,1
DA:2324,1
DA:2325,1
DA:2327,1
DA:2328,1
DA:2329,0
DA:2330,1
DA:2331,0
DA:2333,1
DA:2334,1
DA:2336,1
DA:2337,1
DA:2339,1
DA:2343,1
DA:2344,1
DA:2346,1
DA:2347,1
DA:2348,1
DA:2349,1
DA:2351,1
DA:2352,0
DA:2353,0
DA:2354,0
DA:2358,1
DA:2361,1
DA:2362,79
DA:2364,1
DA:2365,42
DA:2367,1
DA:2368,15
DA:2370,1
DA:2371,21
DA:2374,1
DA:2375,16
DA:2376,16
DA:2377,16
DA:2378,16
DA:2379,16
DA:2381,0
DA:2385,1
DA:2386,0
DA:2387,0
DA:2388,0
DA:2389,0
DA:2390,0
DA:2391,0
DA:2392,0
DA:2401,1
DA:2402,13
DA:2403,2
DA:2405,11
DA:2406,11
DA:2409,1
DA:2410,4
DA:2411,4
DA:2412,0
DA:2413,0
DA:2416,4
DA:2417,4
DA:2418,4
DA:2419,4
DA:2420,4
DA:2421,0
DA:2422,0
DA:2424,4
DA:2426,0
DA:2428,4
DA:2436,1
DA:2437,3
DA:2444,1
DA:2445,3
DA:2448,1
DA:2449,11
DA:2451,1
DA:2452,18
DA:2453,18
DA:2454,18
DA:2455,10
DA:2458,18
DA:2460,1
DA:2461,1
DA:2462,4
DA:2464,4
DA:2465,3
DA:2466,3
DA:2467,3
DA:2469,0
DA:2472,1
DA:2474,1
DA:2475,1
DA:2476,1
DA:2478,1
DA:2479,1
DA:2481,1
DA:2482,1
DA:2484,1
DA:2486,0
DA:2490,4
DA:2492,1
DA:2493,3
DA:2494,3
DA:2495,422
DA:2497,42
DA:2498,42
DA:2503,1
DA:2504,1
DA:2505,5
DA:2506,5
DA:2507,5
DA:2508,5
DA:2509,5
DA:2510,5
DA:2512,1
DA:2513,535
DA:2515,1
DA:2516,5
DA:2517,335
DA:2518,330
DA:2519,330
DA:2521,330
DA:2522,330
DA:2523,261
DA:2524,261
DA:2525,261
DA:2526,261
DA:2529,330
DA:2530,7
DA:2533,330
DA:2537,1
DA:2538,522
DA:2539,522
DA:2541,99
DA:2546,1
DA:2547,6
DA:2548,6
DA:2549,108
DA:2550,105
DA:2553,6
DA:2556,1
DA:2557,4
DA:2558,0
DA:2562,1
DA:2563,4
DA:2566,1
DA:2567,0
DA:2568,0
DA:2569,0
DA:2570,0
DA:2571,0
DA:2572,0
DA:2573,0
DA:2575,0
DA:2578,0
DA:2579,0
DA:2580,0
DA:2582,0
DA:2585,1
DA:2586,1
DA:2588,1
DA:2590,0
DA:2593,0
DA:2598,1
DA:2599,4
DA:2600,4
DA:2601,4
DA:2602,4
DA:2603,0
DA:2604,4
DA:2605,1
DA:2606,3
DA:2607,3
DA:2609,4
DA:2612,1
DA:2613,4
DA:2615,4
DA:2616,4
DA:2617,4
DA:2618,4
DA:2619,4
DA:2620,4
DA:2622,0
DA:2625,0
DA:2626,0
DA:2628,4
DA:2631,1
DA:2632,5
DA:2633,5
DA:2634,5
DA:2635,5
DA:2636,5
DA:2638,5
DA:2644,1
DA:2645,6
DA:2646,2
DA:2648,6
DA:2649,6
DA:2652,1
DA:2653,1
DA:2654,8
DA:2656,7
DA:2657,7
DA:2658,7
DA:2659,7
DA:2660,5
DA:2661,5
DA:2662,5
DA:2665,7
DA:2666,7
DA:2667,7
DA:2668,7
DA:2670,0
DA:2673,7
DA:2674,7
DA:2675,6
DA:2677,7
DA:2679,7
DA:2681,0
DA:2686,1
DA:2687,7
DA:2689,7
DA:2690,3
DA:2692,4
DA:2693,4
DA:2694,36
DA:2695,0
DA:2698,4
DA:2699,4
DA:2700,4
DA:2701,0
DA:2702,0
DA:2704,0
DA:2707,4
DA:2711,7
DA:2714,1
DA:2715,0
DA:2716,0
DA:2717,0
DA:2718,0
DA:2720,0
DA:2723,1
DA:2724,3
DA:2725,0
DA:2727,3
DA:2730,1
DA:2731,0
DA:2732,0
DA:2733,0
DA:2735,0
DA:2738,1
DA:2739,0
DA:2740,0
DA:2743,1
DA:2744,28
DA:2745,28
DA:2746,28
DA:2747,41
DA:2748,41
DA:2753,0
DA:2757,1
DA:2758,54
DA:2759,54
DA:2760,29
DA:2762,25
DA:2764,17
DA:2771,1
DA:2772,1
DA:2773,1
DA:2774,9
DA:2775,2
DA:2776,2
DA:2778,9
DA:2779,3
DA:2780,3
DA:2781,3
DA:2782,3
DA:2783,3
DA:2786,3
DA:2789,9
DA:2796,9
DA:2797,2
DA:2800,9
DA:2803,1
DA:2804,3
DA:2807,3
DA:2811,1
DA:2812,12
DA:2813,12
DA:2814,12
DA:2815,12
DA:2816,12
DA:2817,9
DA:2822,1
DA:2823,48
DA:2824,48
DA:2825,194
DA:2831,194
DA:2832,194
DA:2833,2
DA:2836,194
DA:2837,57
DA:2838,57
DA:2841,48
DA:2844,1
DA:2845,194
DA:2846,194
DA:2848,14
DA:2849,9
DA:2850,2
DA:2854,194
DA:2857,1
DA:2858,2
DA:2859,3
DA:2867,1
DA:2868,197
DA:2871,1
DA:2872,147
DA:2873,14
DA:2874,13
DA:2875,13
DA:2877,1
DA:2878,1
DA:2881,133
DA:2885,1
DA:2886,1
DA:2888,1
DA:2889,0
DA:2890,0
DA:2893,1
DA:2894,1
DA:2895,0
DA:2897,0
DA:2900,1
DA:2903,1
DA:2904,2
DA:2905,2
DA:2906,2
DA:2907,2
DA:2908,2
DA:2909,28
DA:2910,28
DA:2911,28
DA:2913,2
DA:2916,1
DA:2917,0
DA:2921,1
DA:2922,57
DA:2923,47
DA:2924,47
DA:2927,10
DA:2932,1
DA:2933,1
DA:2934,1
DA:2935,1
DA:2936,1
DA:2937,1
DA:2938,1
DA:2939,1
DA:2940,1
DA:2941,1
DA:2942,1
DA:2943,1
DA:2944,1
DA:2945,1
DA:2946,1
DA:2947,1
DA:2948,1
DA:2949,1
DA:2950,1
DA:2951,1
DA:2955,1
DA:2956,1
DA:2957,1
DA:2959,1
DA:2961,0
DA:2962,1
DA:2964,0
DA:2970,1
DA:2971,49
DA:2972,576
DA:2975,49
DA:2976,96
DA:2977,96
DA:2979,96
DA:2980,126
DA:2981,32
DA:2983,94
DA:2984,6
DA:2986,88
DA:2989,2
DA:2990,0
DA:2993,49
LF:1048
LH:861
BRDA:3,1,0,0
BRDA:3,1,1,1
BRDA:3,2,0,1
BRDA:3,2,1,1
BRDA:3,2,2,1
BRDA:3,2,3,1
BRDA:8,3,0,0
BRDA:8,3,1,1
BRDA:10,4,0,0
BRDA:10,4,1,1
BRDA:18,5,0,1
BRDA:18,5,1,0
BRDA:19,6,0,0
BRDA:19,6,1,0
BRDA:20,7,0,0
BRDA:20,7,1,0
BRDA:93,8,0,0
BRDA:93,8,1,0
BRDA:139,9,0,4
BRDA:139,9,1,6
BRDA:140,10,0,2
BRDA:140,10,1,4
BRDA:141,11,0,1
BRDA:141,11,1,3
BRDA:142,12,0,1
BRDA:142,12,1,2
BRDA:143,13,0,2
BRDA:143,13,1,8
BRDA:146,14,0,2
BRDA:146,14,1,6
BRDA:150,15,0,6
BRDA:150,15,1,2
BRDA:150,16,0,8
BRDA:150,16,1,4
BRDA:151,17,0,2
BRDA:151,17,1,4
BRDA:160,18,0,0
BRDA:160,18,1,0
BRDA:160,19,0,0
BRDA:160,19,1,0
BRDA:164,20,0,0
BRDA:164,20,1,0
BRDA:164,21,0,0
BRDA:164,21,1,0
BRDA:164,21,2,0
BRDA:167,22,0,0
BRDA:167,22,1,0
BRDA:188,23,0,1
BRDA:188,23,1,0
BRDA:197,24,0,82
BRDA:197,24,1,82
BRDA:210,25,0,1
BRDA:210,25,1,38
BRDA:214,26,0,16
BRDA:214,26,1,22
BRDA:220,27,0,1
BRDA:220,27,1,37
BRDA:222,28,0,6
BRDA:222,28,1,31
BRDA:227,29,0,1
BRDA:227,29,1,30
BRDA:231,30,0,4
BRDA:231,30,1,9
BRDA:231,30,2,4
BRDA:231,30,3,5
BRDA:248,31,0,2
BRDA:248,31,1,15
BRDA:250,32,0,2
BRDA:250,32,1,5
BRDA:250,33,0,7
BRDA:250,33,1,7
BRDA:250,33,2,2
BRDA:256,34,0,15
BRDA:256,34,1,0
BRDA:256,35,0,15
BRDA:256,35,1,15
BRDA:256,35,2,15
BRDA:260,36,0,10
BRDA:260,36,1,47
BRDA:260,37,0,57
BRDA:260,37,1,57
BRDA:262,38,0,3
BRDA:262,38,1,2
BRDA:270,39,0,5
BRDA:270,39,1,0
BRDA:280,40,0,1
BRDA:280,40,1,1
BRDA:280,41,0,2
BRDA:280,41,1,1
BRDA:289,42,0,4
BRDA:289,42,1,7
BRDA:294,43,0,3
BRDA:294,43,1,0
BRDA:305,44,0,2
BRDA:305,44,1,1
BRDA:305,45,0,3
BRDA:305,45,1,2
BRDA:308,46,0,1
BRDA:308,46,1,1
BRDA:321,47,0,2
BRDA:321,47,1,1
BRDA:321,48,0,3
BRDA:321,48,1,3
BRDA:321,48,2,2
BRDA:323,49,0,2
BRDA:323,49,1,0
BRDA:349,50,0,1
BRDA:349,50,1,4
BRDA:353,51,0,3
BRDA:353,51,1,1
BRDA:392,52,0,0
BRDA:392,52,1,0
BRDA:392,53,0,0
BRDA:392,53,1,0
BRDA:398,54,0,1
BRDA:398,54,1,3
BRDA:403,55,0,0
BRDA:403,55,1,0
BRDA:403,56,0,0
BRDA:403,56,1,0
BRDA:403,56,2,0
BRDA:417,57,0,0
BRDA:417,57,1,0
BRDA:426,58,0,0
BRDA:426,58,1,1
BRDA:433,59,0,3
BRDA:433,59,1,2
BRDA:443,60,0,1
BRDA:443,60,1,110
BRDA:445,61,0,7
BRDA:445,61,1,104
BRDA:445,62,0,111
BRDA:445,62,1,110
BRDA:447,63,0,7
BRDA:447,63,1,97
BRDA:447,64,0,104
BRDA:447,64,1,104
BRDA:447,64,2,104
BRDA:449,65,0,97
BRDA:449,65,1,0
BRDA:459,66,0,110
BRDA:459,66,1,1
BRDA:468,67,0,97
BRDA:468,67,1,14
BRDA:468,68,0,111
BRDA:468,68,1,97
BRDA:471,69,0,55
BRDA:471,69,1,56
BRDA:477,70,0,3
BRDA:477,70,1,0
BRDA:478,71,0,0
BRDA:478,71,1,3
BRDA:478,72,0,3
BRDA:478,72,1,3
BRDA:478,72,2,3
BRDA:479,73,0,0
BRDA:479,73,1,0
BRDA:481,74,0,0
BRDA:481,74,1,0
BRDA:483,75,0,0
BRDA:483,75,1,0
BRDA:487,76,0,3
BRDA:487,76,1,0
BRDA:506,77,0,4
BRDA:506,77,1,0
BRDA:507,78,0,3
BRDA:507,78,1,1
BRDA:508,79,0,3
BRDA:508,79,1,0
BRDA:508,80,0,3
BRDA:508,80,1,3
BRDA:515,81,0,4
BRDA:515,81,1,0
BRDA:522,82,0,0
BRDA:522,82,1,0
BRDA:547,83,0,15
BRDA:547,83,1,13
BRDA:547,83,2,13
BRDA:547,83,3,6
BRDA:552,84,0,1
BRDA:552,84,1,0
BRDA:567,85,0,1
BRDA:567,85,1,4
BRDA:580,86,0,1
BRDA:580,86,1,56
BRDA:580,87,0,57
BRDA:580,87,1,56
BRDA:583,88,0,52
BRDA:583,88,1,4
BRDA:603,89,0,141
BRDA:603,89,1,3819
BRDA:633,90,0,35
BRDA:633,90,1,3
BRDA:633,91,0,38
BRDA:633,91,1,37
BRDA:636,92,0,23
BRDA:636,92,1,12
BRDA:636,93,0,35
BRDA:636,93,1,35
BRDA:638,94,0,35
BRDA:638,94,1,0
BRDA:640,95,0,20
BRDA:640,95,1,15
BRDA:647,96,0,2
BRDA:647,96,1,1
BRDA:660,97,0,72
BRDA:660,97,1,23
BRDA:678,98,0,1
BRDA:678,98,1,3
BRDA:682,99,0,2
BRDA:682,99,1,1
BRDA:696,100,0,1
BRDA:696,100,1,3
BRDA:699,101,0,2
BRDA:699,101,1,1
BRDA:759,102,0,6
BRDA:759,102,1,2
BRDA:759,103,0,8
BRDA:759,103,1,6
BRDA:761,104,0,0
BRDA:761,104,1,2
BRDA:765,105,0,0
BRDA:765,105,1,8
BRDA:765,106,0,8
BRDA:765,106,1,3
BRDA:769,107,0,5
BRDA:769,107,1,3
BRDA:773,108,0,1
BRDA:773,108,1,6
BRDA:844,109,0,3
BRDA:844,109,1,1
BRDA:845,110,0,3
BRDA:845,110,1,0
BRDA:853,111,0,2
BRDA:853,111,1,2
BRDA:858,112,0,1
BRDA:858,112,1,1
BRDA:860,113,0,1
BRDA:860,113,1,0
BRDA:872,114,0,0
BRDA:872,114,1,2
BRDA:922,115,0,0
BRDA:922,115,1,1
BRDA:946,116,0,5
BRDA:946,116,1,0
BRDA:946,117,0,5
BRDA:946,117,1,5
BRDA:946,117,2,5
BRDA:1052,118,0,2
BRDA:1052,118,1,0
BRDA:1052,119,0,2
BRDA:1052,119,1,2
BRDA:1052,119,2,2
BRDA:1056,120,0,2
BRDA:1056,120,1,0
BRDA:1067,121,0,0
BRDA:1067,121,1,2
BRDA:1076,122,0,0
BRDA:1076,122,1,2
BRDA:1079,123,0,2
BRDA:1079,123,1,0
BRDA:1086,124,0,2
BRDA:1086,124,1,0
BRDA:1098,125,0,1
BRDA:1098,125,1,1
BRDA:1172,126,0,2
BRDA:1172,126,1,1
BRDA:1177,127,0,2
BRDA:1177,127,1,1
BRDA:1193,128,0,84
BRDA:1193,128,1,0
BRDA:1205,129,0,0
BRDA:1205,129,1,2
BRDA:1205,130,0,2
BRDA:1205,130,1,2
BRDA:1253,131,0,1
BRDA:1253,131,1,4
BRDA:1269,132,0,0
BRDA:1269,132,1,4
BRDA:1285,133,0,85
BRDA:1285,133,1,68
BRDA:1285,133,2,64
BRDA:1285,133,3,64
BRDA:1300,134,0,210
BRDA:1300,134,1,126
BRDA:1300,135,0,336
BRDA:1300,135,1,336
BRDA:1510,136,0,2
BRDA:1510,136,1,2
BRDA:1516,137,0,8
BRDA:1516,137,1,4
BRDA:1517,138,0,2
BRDA:1517,138,1,6
BRDA:1517,139,0,8
BRDA:1517,139,1,4
BRDA:1517,139,2,4
BRDA:1517,139,3,2
BRDA:1519,140,0,4
BRDA:1519,140,1,2
BRDA:1522,141,0,2
BRDA:1522,141,1,2
BRDA:1522,142,0,4
BRDA:1522,142,1,4
BRDA:1522,142,2,2
BRDA:1557,143,0,4
BRDA:1557,143,1,4
BRDA:1557,144,0,8
BRDA:1557,144,1,6
BRDA:1558,145,0,4
BRDA:1558,145,1,4
BRDA:1560,146,0,0
BRDA:1560,146,1,8
BRDA:1571,147,0,0
BRDA:1571,147,1,16
BRDA:1571,148,0,16
BRDA:1571,148,1,16
BRDA:1571,148,2,4
BRDA:1571,148,3,0
BRDA:1571,148,4,0
BRDA:1583,149,0,12
BRDA:1583,149,1,0
BRDA:1584,150,0,6
BRDA:1584,150,1,6
BRDA:1586,151,0,10
BRDA:1586,151,1,2
BRDA:1589,152,0,10
BRDA:1589,152,1,2
BRDA:1596,153,0,8
BRDA:1596,153,1,12
BRDA:1598,154,0,6
BRDA:1598,154,1,6
BRDA:1909,155,0,1
BRDA:1909,155,1,0
BRDA:1912,156,0,1
BRDA:1912,156,1,0
BRDA:2032,157,0,4
BRDA:2032,157,1,0
BRDA:2063,158,0,6
BRDA:2063,158,1,4
BRDA:2063,159,0,10
BRDA:2063,159,1,4
BRDA:2070,160,0,1
BRDA:2070,160,1,3
BRDA:2089,161,0,0
BRDA:2089,161,1,2
BRDA:2092,162,0,0
BRDA:2092,162,1,2
BRDA:2106,163,0,2
BRDA:2106,163,1,0
BRDA:2137,164,0,5
BRDA:2137,164,1,0
BRDA:2137,165,0,5
BRDA:2137,165,1,5
BRDA:2141,166,0,5
BRDA:2141,166,1,0
BRDA:2145,167,0,5
BRDA:2145,167,1,0
BRDA:2173,168,0,0
BRDA:2173,168,1,0
BRDA:2208,169,0,0
BRDA:2208,169,1,1
BRDA:2208,170,0,1
BRDA:2208,170,1,0
BRDA:2210,171,0,0
BRDA:2210,171,1,1
BRDA:2210,172,0,1
BRDA:2210,172,1,0
BRDA:2212,173,0,0
BRDA:2212,173,1,0
BRDA:2219,174,0,0
BRDA:2219,174,1,0
BRDA:2223,175,0,0
BRDA:2223,175,1,1
BRDA:2223,176,0,1
BRDA:2223,176,1,0
BRDA:2223,176,2,0
BRDA:2223,176,3,0
BRDA:2228,177,0,0
BRDA:2228,177,1,1
BRDA:2233,178,0,1
BRDA:2233,178,1,0
BRDA:2242,179,0,0
BRDA:2242,179,1,0
BRDA:2248,180,0,0
BRDA:2248,180,1,0
BRDA:2248,181,0,0
BRDA:2248,181,1,0
BRDA:2250,182,0,0
BRDA:2250,182,1,0
BRDA:2265,183,0,1
BRDA:2265,183,1,0
BRDA:2279,184,0,1
BRDA:2279,184,1,2
BRDA:2281,185,0,1
BRDA:2281,185,1,1
BRDA:2283,186,0,1
BRDA:2283,186,1,0
BRDA:2293,187,0,1
BRDA:2293,187,1,5
BRDA:2295,188,0,4
BRDA:2295,188,1,2
BRDA:2297,189,0,1
BRDA:2297,189,1,3
BRDA:2298,190,0,2
BRDA:2298,190,1,1
BRDA:2315,191,0,0
BRDA:2315,191,1,1
BRDA:2328,192,0,0
BRDA:2328,192,1,1
BRDA:2330,193,0,0
BRDA:2330,193,1,1
BRDA:2334,194,0,1
BRDA:2334,194,1,0
BRDA:2351,195,0,0
BRDA:2351,195,1,1
BRDA:2351,196,0,1
BRDA:2351,196,1,0
BRDA:2351,196,2,0
BRDA:2351,196,3,0
BRDA:2353,197,0,0
BRDA:2353,197,1,0
BRDA:2362,198,0,79
BRDA:2362,198,1,0
BRDA:2386,199,0,0
BRDA:2386,199,1,0
BRDA:2387,200,0,0
BRDA:2387,200,1,0
BRDA:2402,201,0,2
BRDA:2402,201,1,11
BRDA:2406,202,0,3
BRDA:2406,202,1,8
BRDA:2411,203,0,0
BRDA:2411,203,1,4
BRDA:2420,204,0,0
BRDA:2420,204,1,4
BRDA:2454,205,0,10
BRDA:2454,205,1,8
BRDA:2454,206,0,18
BRDA:2454,206,1,18
BRDA:2464,207,0,3
BRDA:2464,207,1,1
BRDA:2495,208,0,42
BRDA:2495,208,1,380
BRDA:2495,209,0,422
BRDA:2495,209,1,237
BRDA:2495,209,2,185
BRDA:2495,209,3,152
BRDA:2517,210,0,330
BRDA:2517,210,1,5
BRDA:2522,211,0,261
BRDA:2522,211,1,69
BRDA:2522,212,0,330
BRDA:2522,212,1,112
BRDA:2522,212,2,330
BRDA:2529,213,0,7
BRDA:2529,213,1,323
BRDA:2539,214,0,99
BRDA:2539,214,1,423
BRDA:2539,215,0,522
BRDA:2539,215,1,105
BRDA:2549,216,0,105
BRDA:2549,216,1,3
BRDA:2557,217,0,0
BRDA:2557,217,1,4
BRDA:2570,218,0,0
BRDA:2570,218,1,0
BRDA:2602,219,0,0
BRDA:2602,219,1,4
BRDA:2602,220,0,4
BRDA:2602,220,1,1
BRDA:2604,221,0,1
BRDA:2604,221,1,3
BRDA:2604,222,0,4
BRDA:2604,222,1,4
BRDA:2606,223,0,3
BRDA:2606,223,1,0
BRDA:2617,224,0,4
BRDA:2617,224,1,0
BRDA:2632,225,0,5
BRDA:2632,225,1,0
BRDA:2635,226,0,5
BRDA:2635,226,1,0
BRDA:2654,227,0,7
BRDA:2654,227,1,1
BRDA:2654,228,0,8
BRDA:2654,228,1,7
BRDA:2654,228,2,7
BRDA:2654,228,3,7
BRDA:2654,228,4,1
BRDA:2661,229,0,5
BRDA:2661,229,1,0
BRDA:2666,230,0,7
BRDA:2666,230,1,0
BRDA:2673,231,0,7
BRDA:2673,231,1,0
BRDA:2673,232,0,7
BRDA:2673,232,1,7
BRDA:2689,233,0,3
BRDA:2689,233,1,4
BRDA:2694,234,0,0
BRDA:2694,234,1,36
BRDA:2700,235,0,0
BRDA:2700,235,1,4
BRDA:2744,236,0,28
BRDA:2744,236,1,0
BRDA:2745,237,0,28
BRDA:2745,237,1,0
BRDA:2747,238,0,41
BRDA:2747,238,1,0
BRDA:2759,239,0,29
BRDA:2759,239,1,25
BRDA:2774,240,0,2
BRDA:2774,240,1,7
BRDA:2778,241,0,3
BRDA:2778,241,1,6
BRDA:2796,242,0,2
BRDA:2796,242,1,7
BRDA:2812,243,0,9
BRDA:2812,243,1,3
BRDA:2813,244,0,9
BRDA:2813,244,1,3
BRDA:2814,245,0,9
BRDA:2814,245,1,3
BRDA:2815,246,0,9
BRDA:2815,246,1,3
BRDA:2832,247,0,2
BRDA:2832,247,1,192
BRDA:2836,248,0,57
BRDA:2836,248,1,137
BRDA:2836,249,0,194
BRDA:2836,249,1,152
BRDA:2836,249,2,190
BRDA:2837,250,0,53
BRDA:2837,250,1,4
BRDA:2846,251,0,14
BRDA:2846,251,1,180
BRDA:2846,252,0,194
BRDA:2846,252,1,182
BRDA:2846,252,2,42
BRDA:2849,253,0,2
BRDA:2849,253,1,7
BRDA:2868,254,0,44
BRDA:2868,254,1,153
BRDA:2868,255,0,13
BRDA:2868,255,1,31
BRDA:2872,256,0,14
BRDA:2872,256,1,133
BRDA:2872,257,0,147
BRDA:2872,257,1,133
BRDA:2874,258,0,13
BRDA:2874,258,1,0
BRDA:2877,259,0,1
BRDA:2877,259,1,0
BRDA:2888,260,0,0
BRDA:2888,260,1,1
BRDA:2888,261,0,1
BRDA:2888,261,1,0
BRDA:2907,262,0,0
BRDA:2907,262,1,2
BRDA:2917,263,0,0
BRDA:2917,263,1,0
BRDA:2923,264,0,47
BRDA:2923,264,1,0
BRDA:2959,265,0,0
BRDA:2959,265,1,1
BRDA:2959,266,0,1
BRDA:2959,266,1,0
BRDA:2959,266,2,0
BRDA:2962,267,0,0
BRDA:2962,267,1,1
BRDA:2962,268,0,1
BRDA:2962,268,1,0
BRDA:2962,268,2,0
BRDA:2962,268,3,0
BRDA:2980,269,0,32
BRDA:2980,269,1,94
BRDA:2983,270,0,6
BRDA:2983,270,1,88
BRDA:2989,271,0,0
BRDA:2989,271,1,2
BRDA:2993,272,0,49
BRDA:2993,272,1,47
BRF:582
BRH:422
end_of_record
