TN:
SF:c:\Users\Oier\git\tradable-core/src/tradable.js
FN:4,(anonymous_1)
FN:4,(anonymous_2)
FN:22,(anonymous_3)
FN:75,(anonymous_4)
FN:81,(anonymous_5)
FN:88,(anonymous_6)
FN:98,(anonymous_7)
FN:105,(anonymous_8)
FN:112,(anonymous_9)
FN:118,(anonymous_10)
FN:124,(anonymous_11)
FN:127,(anonymous_12)
FN:152,(anonymous_13)
FN:158,(anonymous_14)
FN:169,(anonymous_15)
FN:182,(anonymous_16)
FN:225,(anonymous_17)
FN:238,(anonymous_18)
FN:248,(anonymous_19)
FN:257,(anonymous_20)
FN:267,(anonymous_21)
FN:283,(anonymous_22)
FN:294,(anonymous_23)
FN:298,(anonymous_24)
FN:311,(anonymous_25)
FN:327,(anonymous_26)
FN:329,(anonymous_27)
FN:337,(anonymous_28)
FN:344,(anonymous_29)
FN:351,(anonymous_30)
FN:354,(anonymous_31)
FN:360,(anonymous_32)
FN:364,processTokenWillExpire
FN:367,(anonymous_34)
FN:378,(anonymous_35)
FN:388,(anonymous_36)
FN:394,(anonymous_37)
FN:408,(anonymous_38)
FN:425,(anonymous_39)
FN:426,(anonymous_40)
FN:437,(anonymous_41)
FN:446,(anonymous_42)
FN:452,(anonymous_43)
FN:460,(anonymous_44)
FN:477,(anonymous_45)
FN:494,(anonymous_46)
FN:507,(anonymous_47)
FN:525,(anonymous_48)
FN:528,(anonymous_49)
FN:530,(anonymous_50)
FN:545,(anonymous_51)
FN:557,(anonymous_52)
FN:569,(anonymous_53)
FN:581,(anonymous_54)
FN:594,(anonymous_55)
FN:603,(anonymous_56)
FN:611,(anonymous_57)
FN:613,(anonymous_58)
FN:616,(anonymous_59)
FN:618,(anonymous_60)
FN:628,(anonymous_61)
FN:637,(anonymous_62)
FN:648,(anonymous_63)
FN:670,(anonymous_64)
FN:671,(anonymous_65)
FN:675,(anonymous_66)
FN:712,(anonymous_67)
FN:741,(anonymous_68)
FN:763,(anonymous_69)
FN:770,(anonymous_70)
FN:774,(anonymous_71)
FN:778,startCandleListener
FN:779,(anonymous_73)
FN:793,processCandle
FN:812,getPriceFromList
FN:814,(anonymous_76)
FN:826,(anonymous_77)
FN:844,(anonymous_78)
FN:857,(anonymous_79)
FN:877,(anonymous_80)
FN:897,(anonymous_81)
FN:908,(anonymous_82)
FN:916,(anonymous_83)
FN:918,(anonymous_84)
FN:925,(anonymous_85)
FN:931,(anonymous_86)
FN:933,(anonymous_87)
FN:935,(anonymous_88)
FN:957,(anonymous_89)
FN:977,(anonymous_90)
FN:984,(anonymous_91)
FN:987,(anonymous_92)
FN:991,(anonymous_93)
FN:999,(anonymous_94)
FN:1001,(anonymous_95)
FN:1009,matchInstruments
FN:1011,(anonymous_97)
FN:1018,escRegex
FN:1022,normalizeInstrumentObject
FN:1031,(anonymous_100)
FN:1046,(anonymous_101)
FN:1058,(anonymous_102)
FN:1070,(anonymous_103)
FN:1082,(anonymous_104)
FN:1102,(anonymous_105)
FN:1124,(anonymous_106)
FN:1139,(anonymous_107)
FN:1155,(anonymous_108)
FN:1170,(anonymous_109)
FN:1186,(anonymous_110)
FN:1189,(anonymous_111)
FN:1192,(anonymous_112)
FN:1211,(anonymous_113)
FN:1230,(anonymous_114)
FN:1247,(anonymous_115)
FN:1259,(anonymous_116)
FN:1272,(anonymous_117)
FN:1285,(anonymous_118)
FN:1296,(anonymous_119)
FN:1308,(anonymous_120)
FN:1318,(anonymous_121)
FN:1329,(anonymous_122)
FN:1341,(anonymous_123)
FN:1353,(anonymous_124)
FN:1362,(anonymous_125)
FN:1372,(anonymous_126)
FN:1384,(anonymous_127)
FN:1396,(anonymous_128)
FN:1409,(anonymous_129)
FN:1422,(anonymous_130)
FN:1433,(anonymous_131)
FN:1445,(anonymous_132)
FN:1456,(anonymous_133)
FN:1467,(anonymous_134)
FN:1480,(anonymous_135)
FN:1493,(anonymous_136)
FN:1510,(anonymous_137)
FN:1521,(anonymous_138)
FN:1533,(anonymous_139)
FN:1545,(anonymous_140)
FN:1556,(anonymous_141)
FN:1568,(anonymous_142)
FN:1578,(anonymous_143)
FN:1589,(anonymous_144)
FN:1599,(anonymous_145)
FN:1610,(anonymous_146)
FN:1613,(anonymous_147)
FN:1616,(anonymous_148)
FN:1633,(anonymous_149)
FN:1646,(anonymous_150)
FN:1658,(anonymous_151)
FN:1665,(anonymous_152)
FN:1667,(anonymous_153)
FN:1674,(anonymous_154)
FN:1689,(anonymous_155)
FN:1697,(anonymous_156)
FN:1703,(anonymous_157)
FN:1709,(anonymous_158)
FN:1726,(anonymous_159)
FN:1738,(anonymous_160)
FN:1756,(anonymous_161)
FN:1764,(anonymous_162)
FN:1766,(anonymous_163)
FN:1768,(anonymous_164)
FN:1778,initializeLibrary
FN:1808,(anonymous_166)
FN:1813,processHashFragment
FN:1834,getTokenValuesFromHashFragment
FN:1841,(anonymous_169)
FN:1857,initializeTradableConfig
FN:1878,getRedirectUrl
FN:1885,formOAuthEndpoint
FN:1910,getTokenFromStorage
FN:1928,isLocalStorageSupported
FN:1939,popupwindow
FN:1950,initializeValuesForCurrentAccount
FN:1958,(anonymous_177)
FN:1970,(anonymous_178)
FN:1984,getInstruments
FN:1992,getInstrumentsForAccount
FN:1996,isFullInstrumentListAvailable
FN:1999,isFullInstrumentListAvailableForAccount
FN:2001,(anonymous_183)
FN:2009,getDefaultInstruments
FN:2013,(anonymous_185)
FN:2025,(anonymous_186)
FN:2026,(anonymous_187)
FN:2034,gatherForexInstrumentIds
FN:2035,(anonymous_189)
FN:2043,resetInstrumentCache
FN:2050,isInstrumentCached
FN:2053,cacheInstruments
FN:2054,(anonymous_193)
FN:2075,cacheCurrency
FN:2084,findMissingInstrumentIds
FN:2086,(anonymous_196)
FN:2094,resetUpdates
FN:2100,validateToken
FN:2104,(anonymous_199)
FN:2107,(anonymous_200)
FN:2114,setSelectedAccountAndNotify
FN:2129,(anonymous_202)
FN:2135,(anonymous_203)
FN:2142,setTradingEnabled
FN:2151,notifyReadyCallbacks
FN:2152,(anonymous_206)
FN:2160,processAccountUpdate
FN:2165,(anonymous_208)
FN:2171,(anonymous_209)
FN:2174,(anonymous_210)
FN:2175,(anonymous_211)
FN:2180,(anonymous_212)
FN:2186,checkInstrumentsToCache
FN:2193,(anonymous_214)
FN:2201,(anonymous_215)
FN:2212,notifyTokenExpired
FN:2217,(anonymous_217)
FN:2224,notifyErrorCallbacks
FN:2225,(anonymous_219)
FN:2231,notifyAccountSwitchCallbacks
FN:2232,(anonymous_221)
FN:2238,notifyNamespaceCallbacks
FN:2256,resolveDeferred
FN:2258,(anonymous_224)
FN:2261,(anonymous_225)
FN:2270,internalSignOut
FN:2280,(anonymous_227)
FN:2282,(anonymous_228)
FN:2289,hashCode
FN:2302,ie
FN:2328,isGreaterOrEqualMinVersion
FN:2329,(anonymous_232)
FN:2333,(anonymous_233)
FNF:233
FNH:140
FNDA:0,(anonymous_1)
FNDA:0,(anonymous_2)
FNDA:1,(anonymous_3)
FNDA:0,(anonymous_4)
FNDA:0,(anonymous_5)
FNDA:0,(anonymous_6)
FNDA:0,(anonymous_7)
FNDA:0,(anonymous_8)
FNDA:0,(anonymous_9)
FNDA:0,(anonymous_10)
FNDA:0,(anonymous_11)
FNDA:1,(anonymous_12)
FNDA:1,(anonymous_13)
FNDA:1,(anonymous_14)
FNDA:24,(anonymous_15)
FNDA:11,(anonymous_16)
FNDA:5,(anonymous_17)
FNDA:2,(anonymous_18)
FNDA:2,(anonymous_19)
FNDA:5,(anonymous_20)
FNDA:3,(anonymous_21)
FNDA:2,(anonymous_22)
FNDA:3,(anonymous_23)
FNDA:1,(anonymous_24)
FNDA:5,(anonymous_25)
FNDA:2,(anonymous_26)
FNDA:4,(anonymous_27)
FNDA:0,(anonymous_28)
FNDA:0,(anonymous_29)
FNDA:0,(anonymous_30)
FNDA:0,(anonymous_31)
FNDA:1,(anonymous_32)
FNDA:0,processTokenWillExpire
FNDA:0,(anonymous_34)
FNDA:0,(anonymous_35)
FNDA:0,(anonymous_36)
FNDA:41,(anonymous_37)
FNDA:41,(anonymous_38)
FNDA:40,(anonymous_39)
FNDA:0,(anonymous_40)
FNDA:38,(anonymous_41)
FNDA:2,(anonymous_42)
FNDA:2,(anonymous_43)
FNDA:0,(anonymous_44)
FNDA:0,(anonymous_45)
FNDA:2,(anonymous_46)
FNDA:2,(anonymous_47)
FNDA:1,(anonymous_48)
FNDA:25,(anonymous_49)
FNDA:736,(anonymous_50)
FNDA:0,(anonymous_51)
FNDA:0,(anonymous_52)
FNDA:0,(anonymous_53)
FNDA:0,(anonymous_54)
FNDA:1,(anonymous_55)
FNDA:0,(anonymous_56)
FNDA:1,(anonymous_57)
FNDA:1,(anonymous_58)
FNDA:1,(anonymous_59)
FNDA:0,(anonymous_60)
FNDA:0,(anonymous_61)
FNDA:0,(anonymous_62)
FNDA:0,(anonymous_63)
FNDA:3,(anonymous_64)
FNDA:3,(anonymous_65)
FNDA:3,(anonymous_66)
FNDA:1,(anonymous_67)
FNDA:1,(anonymous_68)
FNDA:1,(anonymous_69)
FNDA:1,(anonymous_70)
FNDA:0,(anonymous_71)
FNDA:1,startCandleListener
FNDA:2,(anonymous_73)
FNDA:2,processCandle
FNDA:2,getPriceFromList
FNDA:2,(anonymous_76)
FNDA:2,(anonymous_77)
FNDA:6,(anonymous_78)
FNDA:6,(anonymous_79)
FNDA:0,(anonymous_80)
FNDA:1,(anonymous_81)
FNDA:0,(anonymous_82)
FNDA:1,(anonymous_83)
FNDA:22,(anonymous_84)
FNDA:0,(anonymous_85)
FNDA:2,(anonymous_86)
FNDA:2,(anonymous_87)
FNDA:0,(anonymous_88)
FNDA:0,(anonymous_89)
FNDA:1,(anonymous_90)
FNDA:1,(anonymous_91)
FNDA:22,(anonymous_92)
FNDA:0,(anonymous_93)
FNDA:0,(anonymous_94)
FNDA:0,(anonymous_95)
FNDA:1,matchInstruments
FNDA:85,(anonymous_97)
FNDA:1,escRegex
FNDA:22,normalizeInstrumentObject
FNDA:176,(anonymous_100)
FNDA:1,(anonymous_101)
FNDA:2,(anonymous_102)
FNDA:0,(anonymous_103)
FNDA:0,(anonymous_104)
FNDA:1,(anonymous_105)
FNDA:0,(anonymous_106)
FNDA:0,(anonymous_107)
FNDA:0,(anonymous_108)
FNDA:0,(anonymous_109)
FNDA:0,(anonymous_110)
FNDA:3,(anonymous_111)
FNDA:3,(anonymous_112)
FNDA:0,(anonymous_113)
FNDA:0,(anonymous_114)
FNDA:0,(anonymous_115)
FNDA:0,(anonymous_116)
FNDA:2,(anonymous_117)
FNDA:2,(anonymous_118)
FNDA:1,(anonymous_119)
FNDA:1,(anonymous_120)
FNDA:1,(anonymous_121)
FNDA:1,(anonymous_122)
FNDA:2,(anonymous_123)
FNDA:2,(anonymous_124)
FNDA:1,(anonymous_125)
FNDA:1,(anonymous_126)
FNDA:1,(anonymous_127)
FNDA:1,(anonymous_128)
FNDA:3,(anonymous_129)
FNDA:3,(anonymous_130)
FNDA:1,(anonymous_131)
FNDA:1,(anonymous_132)
FNDA:2,(anonymous_133)
FNDA:2,(anonymous_134)
FNDA:1,(anonymous_135)
FNDA:1,(anonymous_136)
FNDA:1,(anonymous_137)
FNDA:1,(anonymous_138)
FNDA:0,(anonymous_139)
FNDA:0,(anonymous_140)
FNDA:0,(anonymous_141)
FNDA:0,(anonymous_142)
FNDA:0,(anonymous_143)
FNDA:0,(anonymous_144)
FNDA:0,(anonymous_145)
FNDA:0,(anonymous_146)
FNDA:0,(anonymous_147)
FNDA:0,(anonymous_148)
FNDA:2,(anonymous_149)
FNDA:3,(anonymous_150)
FNDA:0,(anonymous_151)
FNDA:0,(anonymous_152)
FNDA:0,(anonymous_153)
FNDA:1,(anonymous_154)
FNDA:0,(anonymous_155)
FNDA:0,(anonymous_156)
FNDA:1,(anonymous_157)
FNDA:0,(anonymous_158)
FNDA:1,(anonymous_159)
FNDA:3,(anonymous_160)
FNDA:2,(anonymous_161)
FNDA:2,(anonymous_162)
FNDA:2,(anonymous_163)
FNDA:0,(anonymous_164)
FNDA:1,initializeLibrary
FNDA:1,(anonymous_166)
FNDA:0,processHashFragment
FNDA:1,getTokenValuesFromHashFragment
FNDA:3,(anonymous_169)
FNDA:6,initializeTradableConfig
FNDA:1,getRedirectUrl
FNDA:1,formOAuthEndpoint
FNDA:1,getTokenFromStorage
FNDA:9,isLocalStorageSupported
FNDA:0,popupwindow
FNDA:2,initializeValuesForCurrentAccount
FNDA:2,(anonymous_177)
FNDA:0,(anonymous_178)
FNDA:2,getInstruments
FNDA:4,getInstrumentsForAccount
FNDA:8,isFullInstrumentListAvailable
FNDA:5,isFullInstrumentListAvailableForAccount
FNDA:5,(anonymous_183)
FNDA:2,getDefaultInstruments
FNDA:2,(anonymous_185)
FNDA:0,(anonymous_186)
FNDA:0,(anonymous_187)
FNDA:0,gatherForexInstrumentIds
FNDA:0,(anonymous_189)
FNDA:2,resetInstrumentCache
FNDA:187,isInstrumentCached
FNDA:2,cacheInstruments
FNDA:186,(anonymous_193)
FNDA:306,cacheCurrency
FNDA:0,findMissingInstrumentIds
FNDA:0,(anonymous_196)
FNDA:2,resetUpdates
FNDA:0,validateToken
FNDA:0,(anonymous_199)
FNDA:0,(anonymous_200)
FNDA:2,setSelectedAccountAndNotify
FNDA:2,(anonymous_202)
FNDA:0,(anonymous_203)
FNDA:2,setTradingEnabled
FNDA:4,notifyReadyCallbacks
FNDA:1,(anonymous_206)
FNDA:6,processAccountUpdate
FNDA:8,(anonymous_208)
FNDA:6,(anonymous_209)
FNDA:6,(anonymous_210)
FNDA:2,(anonymous_211)
FNDA:0,(anonymous_212)
FNDA:6,checkInstrumentsToCache
FNDA:0,(anonymous_214)
FNDA:0,(anonymous_215)
FNDA:0,notifyTokenExpired
FNDA:0,(anonymous_217)
FNDA:0,notifyErrorCallbacks
FNDA:0,(anonymous_219)
FNDA:0,notifyAccountSwitchCallbacks
FNDA:0,(anonymous_221)
FNDA:10,notifyNamespaceCallbacks
FNDA:50,resolveDeferred
FNDA:2,(anonymous_224)
FNDA:0,(anonymous_225)
FNDA:1,internalSignOut
FNDA:0,(anonymous_227)
FNDA:0,(anonymous_228)
FNDA:2,hashCode
FNDA:0,ie
FNDA:49,isGreaterOrEqualMinVersion
FNDA:576,(anonymous_232)
FNDA:96,(anonymous_233)
DA:3,1
DA:4,0
DA:7,1
DA:8,0
DA:9,1
DA:10,0
DA:14,1
DA:17,1
DA:22,1
DA:25,1
DA:27,1
DA:28,1
DA:29,1
DA:30,1
DA:32,1
DA:33,1
DA:34,1
DA:44,1
DA:76,0
DA:82,0
DA:89,0
DA:90,0
DA:92,0
DA:99,0
DA:106,0
DA:113,0
DA:119,0
DA:125,0
DA:128,1
DA:132,1
DA:133,1
DA:135,0
DA:136,0
DA:139,0
DA:140,0
DA:142,0
DA:143,0
DA:153,1
DA:159,1
DA:160,1
DA:161,1
DA:162,1
DA:163,1
DA:164,1
DA:166,1
DA:167,1
DA:170,24
DA:183,11
DA:184,1
DA:187,10
DA:189,3
DA:193,10
DA:194,1
DA:195,9
DA:196,3
DA:200,6
DA:201,1
DA:204,5
DA:206,1
DA:207,1
DA:209,3
DA:210,3
DA:212,1
DA:213,1
DA:216,5
DA:226,5
DA:227,2
DA:228,4
DA:231,2
DA:234,3
DA:235,3
DA:239,2
DA:240,2
DA:249,2
DA:250,1
DA:251,1
DA:253,1
DA:258,5
DA:259,1
DA:268,3
DA:269,2
DA:270,2
DA:271,2
DA:272,1
DA:273,1
DA:276,1
DA:284,2
DA:285,1
DA:286,1
DA:287,1
DA:288,1
DA:291,1
DA:295,3
DA:296,3
DA:299,1
DA:300,1
DA:312,5
DA:313,1
DA:315,4
DA:316,4
DA:317,3
DA:328,2
DA:329,2
DA:330,4
DA:338,0
DA:345,0
DA:352,0
DA:355,0
DA:356,0
DA:361,1
DA:362,1
DA:364,1
DA:365,0
DA:366,0
DA:367,0
DA:368,0
DA:370,0
DA:379,0
DA:380,0
DA:381,0
DA:389,0
DA:390,0
DA:392,0
DA:395,41
DA:396,41
DA:397,41
DA:398,3
DA:399,38
DA:400,3
DA:401,35
DA:402,35
DA:404,0
DA:406,41
DA:409,41
DA:410,40
DA:412,41
DA:425,41
DA:427,0
DA:428,0
DA:429,0
DA:431,0
DA:435,41
DA:438,38
DA:447,2
DA:448,2
DA:449,2
DA:450,2
DA:451,2
DA:452,2
DA:453,2
DA:454,2
DA:456,2
DA:457,2
DA:461,0
DA:462,0
DA:463,0
DA:464,0
DA:466,0
DA:469,0
DA:470,0
DA:474,0
DA:478,0
DA:479,0
DA:480,0
DA:481,0
DA:483,0
DA:484,0
DA:495,2
DA:496,1
DA:498,1
DA:508,2
DA:509,1
DA:511,1
DA:512,1
DA:514,0
DA:516,0
DA:526,1
DA:529,25
DA:530,25
DA:531,736
DA:532,25
DA:533,25
DA:536,25
DA:546,0
DA:558,0
DA:570,0
DA:582,0
DA:595,1
DA:597,1
DA:598,1
DA:600,1
DA:604,0
DA:606,0
DA:607,0
DA:609,0
DA:612,1
DA:613,1
DA:614,1
DA:615,1
DA:617,1
DA:619,0
DA:629,0
DA:638,0
DA:649,0
DA:651,0
DA:652,0
DA:654,0
DA:656,0
DA:658,0
DA:671,3
DA:672,3
DA:673,3
DA:674,3
DA:675,3
DA:676,3
DA:678,3
DA:679,3
DA:681,3
DA:685,3
DA:713,1
DA:742,1
DA:743,1
DA:764,1
DA:766,1
DA:767,1
DA:768,1
DA:770,1
DA:771,1
DA:772,1
DA:773,1
DA:775,0
DA:778,1
DA:779,1
DA:780,2
DA:781,2
DA:782,2
DA:783,2
DA:785,2
DA:786,2
DA:787,2
DA:788,2
DA:793,1
DA:794,2
DA:796,2
DA:797,0
DA:798,0
DA:799,0
DA:800,0
DA:801,0
DA:804,2
DA:805,2
DA:806,0
DA:808,2
DA:809,0
DA:812,1
DA:813,2
DA:814,2
DA:815,2
DA:816,2
DA:817,2
DA:820,2
DA:827,2
DA:828,1
DA:829,1
DA:830,1
DA:831,1
DA:845,6
DA:858,6
DA:859,6
DA:878,0
DA:898,1
DA:900,1
DA:901,1
DA:902,0
DA:905,1
DA:906,1
DA:907,0
DA:908,0
DA:909,0
DA:910,0
DA:913,1
DA:916,1
DA:917,1
DA:918,1
DA:919,22
DA:920,22
DA:921,22
DA:924,1
DA:926,0
DA:929,1
DA:932,2
DA:933,2
DA:934,2
DA:936,0
DA:939,0
DA:958,0
DA:978,1
DA:980,1
DA:981,1
DA:982,1
DA:984,1
DA:985,1
DA:986,1
DA:987,1
DA:988,22
DA:990,1
DA:992,0
DA:995,0
DA:996,0
DA:997,0
DA:999,0
DA:1000,0
DA:1002,0
DA:1007,1
DA:1009,1
DA:1010,1
DA:1011,1
DA:1012,85
DA:1018,1
DA:1019,1
DA:1022,1
DA:1023,22
DA:1024,22
DA:1025,22
DA:1026,22
DA:1027,308
DA:1028,176
DA:1031,22
DA:1032,176
DA:1034,22
DA:1047,1
DA:1059,2
DA:1071,0
DA:1083,0
DA:1103,1
DA:1125,0
DA:1140,0
DA:1156,0
DA:1171,0
DA:1187,0
DA:1190,3
DA:1193,3
DA:1194,3
DA:1212,0
DA:1231,0
DA:1232,0
DA:1233,0
DA:1234,0
DA:1235,0
DA:1236,0
DA:1248,0
DA:1260,0
DA:1273,2
DA:1286,2
DA:1297,1
DA:1309,1
DA:1319,1
DA:1330,1
DA:1342,2
DA:1354,2
DA:1363,1
DA:1373,1
DA:1385,1
DA:1397,1
DA:1410,3
DA:1423,3
DA:1434,1
DA:1446,1
DA:1447,1
DA:1457,2
DA:1468,2
DA:1481,1
DA:1494,1
DA:1495,1
DA:1496,1
DA:1498,1
DA:1499,1
DA:1501,1
DA:1511,1
DA:1522,1
DA:1534,0
DA:1546,0
DA:1557,0
DA:1569,0
DA:1579,0
DA:1590,0
DA:1600,0
DA:1611,0
DA:1614,0
DA:1617,0
DA:1618,0
DA:1619,0
DA:1621,0
DA:1634,2
DA:1647,3
DA:1649,3
DA:1650,3
DA:1652,0
DA:1654,0
DA:1656,0
DA:1657,0
DA:1658,0
DA:1659,0
DA:1662,0
DA:1665,0
DA:1666,0
DA:1668,0
DA:1671,0
DA:1675,1
DA:1676,1
DA:1677,0
DA:1679,1
DA:1688,1
DA:1689,0
DA:1690,0
DA:1691,0
DA:1692,0
DA:1694,0
DA:1698,0
DA:1699,0
DA:1702,1
DA:1703,1
DA:1704,1
DA:1705,1
DA:1707,0
DA:1710,0
DA:1712,1
DA:1713,1
DA:1715,0
DA:1727,1
DA:1739,3
DA:1740,3
DA:1741,3
DA:1743,3
DA:1744,3
DA:1745,3
DA:1747,3
DA:1748,3
DA:1749,3
DA:1753,3
DA:1754,3
DA:1757,2
DA:1759,2
DA:1760,2
DA:1761,2
DA:1763,2
DA:1764,2
DA:1765,2
DA:1767,2
DA:1769,0
DA:1772,2
DA:1776,1
DA:1778,1
DA:1779,1
DA:1780,1
DA:1781,1
DA:1782,0
DA:1783,1
DA:1784,0
DA:1785,0
DA:1786,0
DA:1787,0
DA:1788,0
DA:1790,0
DA:1792,0
DA:1793,0
DA:1796,1
DA:1800,0
DA:1801,1
DA:1802,0
DA:1803,0
DA:1806,1
DA:1807,1
DA:1808,1
DA:1809,1
DA:1813,1
DA:1814,0
DA:1815,0
DA:1816,0
DA:1819,0
DA:1821,0
DA:1822,0
DA:1823,0
DA:1824,0
DA:1826,0
DA:1828,0
DA:1834,1
DA:1835,1
DA:1840,1
DA:1841,1
DA:1842,3
DA:1843,3
DA:1844,3
DA:1845,3
DA:1846,1
DA:1847,2
DA:1848,1
DA:1849,1
DA:1850,1
DA:1853,1
DA:1857,1
DA:1859,6
DA:1861,6
DA:1863,4
DA:1866,4
DA:1874,6
DA:1878,1
DA:1879,1
DA:1881,1
DA:1885,1
DA:1886,1
DA:1888,1
DA:1889,1
DA:1891,1
DA:1892,1
DA:1893,0
DA:1894,0
DA:1896,1
DA:1897,0
DA:1900,1
DA:1901,1
DA:1903,1
DA:1904,1
DA:1906,1
DA:1910,1
DA:1911,1
DA:1913,1
DA:1914,1
DA:1915,1
DA:1916,1
DA:1918,1
DA:1919,1
DA:1920,1
DA:1921,1
DA:1925,1
DA:1928,1
DA:1929,9
DA:1930,9
DA:1931,9
DA:1932,9
DA:1933,9
DA:1935,0
DA:1939,1
DA:1940,0
DA:1941,0
DA:1942,0
DA:1943,0
DA:1944,0
DA:1945,0
DA:1946,0
DA:1950,1
DA:1951,2
DA:1952,2
DA:1953,0
DA:1954,0
DA:1957,2
DA:1958,2
DA:1959,2
DA:1960,2
DA:1961,0
DA:1962,0
DA:1964,2
DA:1965,2
DA:1967,0
DA:1971,0
DA:1972,0
DA:1974,0
DA:1984,1
DA:1985,2
DA:1992,1
DA:1993,4
DA:1996,1
DA:1997,8
DA:1999,1
DA:2000,5
DA:2001,5
DA:2002,5
DA:2003,0
DA:2006,5
DA:2008,1
DA:2009,1
DA:2010,2
DA:2012,2
DA:2013,2
DA:2014,2
DA:2015,2
DA:2018,0
DA:2019,0
DA:2021,0
DA:2022,0
DA:2023,0
DA:2025,0
DA:2026,0
DA:2027,0
DA:2032,2
DA:2034,1
DA:2035,0
DA:2036,0
DA:2037,0
DA:2042,1
DA:2043,1
DA:2044,2
DA:2045,2
DA:2046,2
DA:2047,2
DA:2048,2
DA:2050,1
DA:2051,187
DA:2053,1
DA:2054,2
DA:2055,186
DA:2056,186
DA:2057,186
DA:2059,186
DA:2060,186
DA:2061,153
DA:2062,153
DA:2063,153
DA:2064,153
DA:2067,186
DA:2068,4
DA:2071,186
DA:2075,1
DA:2076,306
DA:2077,306
DA:2079,53
DA:2084,1
DA:2085,0
DA:2086,0
DA:2087,0
DA:2088,0
DA:2091,0
DA:2094,1
DA:2095,2
DA:2096,0
DA:2100,1
DA:2101,0
DA:2103,0
DA:2105,0
DA:2108,0
DA:2109,0
DA:2114,1
DA:2115,2
DA:2117,2
DA:2118,2
DA:2119,2
DA:2120,2
DA:2121,2
DA:2122,0
DA:2123,2
DA:2124,0
DA:2126,2
DA:2128,2
DA:2129,2
DA:2130,2
DA:2131,2
DA:2132,2
DA:2134,2
DA:2136,0
DA:2139,2
DA:2142,1
DA:2143,2
DA:2144,2
DA:2145,2
DA:2151,1
DA:2152,4
DA:2153,1
DA:2155,4
DA:2156,4
DA:2159,1
DA:2160,1
DA:2161,6
DA:2163,6
DA:2164,6
DA:2165,6
DA:2166,8
DA:2167,8
DA:2168,8
DA:2171,6
DA:2172,6
DA:2173,6
DA:2175,6
DA:2176,2
DA:2178,6
DA:2179,6
DA:2181,0
DA:2186,1
DA:2187,6
DA:2189,6
DA:2190,6
DA:2192,0
DA:2193,0
DA:2194,0
DA:2195,0
DA:2198,0
DA:2199,0
DA:2200,0
DA:2201,0
DA:2202,0
DA:2205,0
DA:2209,6
DA:2212,1
DA:2213,0
DA:2214,0
DA:2215,0
DA:2217,0
DA:2218,0
DA:2220,0
DA:2221,0
DA:2224,1
DA:2225,0
DA:2226,0
DA:2228,0
DA:2231,1
DA:2232,0
DA:2233,0
DA:2235,0
DA:2238,1
DA:2239,10
DA:2240,10
DA:2241,10
DA:2242,3
DA:2243,3
DA:2244,3
DA:2246,0
DA:2252,0
DA:2256,1
DA:2257,50
DA:2258,2
DA:2259,2
DA:2260,2
DA:2262,0
DA:2263,0
DA:2266,48
DA:2270,1
DA:2271,1
DA:2273,1
DA:2275,0
DA:2276,0
DA:2279,1
DA:2280,1
DA:2281,0
DA:2283,0
DA:2286,1
DA:2289,1
DA:2290,2
DA:2291,2
DA:2292,2
DA:2293,2
DA:2294,2
DA:2295,62
DA:2296,62
DA:2297,62
DA:2299,2
DA:2302,1
DA:2303,0
DA:2308,1
DA:2309,1
DA:2310,1
DA:2311,1
DA:2312,1
DA:2316,1
DA:2317,1
DA:2318,1
DA:2321,1
DA:2322,0
DA:2328,1
DA:2329,49
DA:2330,576
DA:2333,49
DA:2334,96
DA:2335,96
DA:2337,96
DA:2338,126
DA:2339,32
DA:2341,94
DA:2342,6
DA:2344,88
DA:2347,2
DA:2348,0
DA:2351,49
LF:781
LH:529
BRDA:3,1,0,0
BRDA:3,1,1,1
BRDA:3,2,0,1
BRDA:3,2,1,1
BRDA:7,3,0,0
BRDA:7,3,1,1
BRDA:9,4,0,0
BRDA:9,4,1,1
BRDA:17,5,0,1
BRDA:17,5,1,0
BRDA:18,6,0,0
BRDA:18,6,1,0
BRDA:19,7,0,0
BRDA:19,7,1,0
BRDA:89,8,0,0
BRDA:89,8,1,0
BRDA:128,9,0,0
BRDA:128,9,1,1
BRDA:129,10,0,0
BRDA:129,10,1,1
BRDA:130,11,0,0
BRDA:130,11,1,1
BRDA:131,12,0,0
BRDA:131,12,1,1
BRDA:132,13,0,1
BRDA:132,13,1,0
BRDA:135,14,0,0
BRDA:135,14,1,0
BRDA:139,15,0,0
BRDA:139,15,1,0
BRDA:139,16,0,0
BRDA:139,16,1,0
BRDA:139,16,2,0
BRDA:142,17,0,0
BRDA:142,17,1,0
BRDA:160,18,0,1
BRDA:160,18,1,0
BRDA:170,19,0,24
BRDA:170,19,1,24
BRDA:183,20,0,1
BRDA:183,20,1,10
BRDA:187,21,0,3
BRDA:187,21,1,7
BRDA:193,22,0,1
BRDA:193,22,1,9
BRDA:195,23,0,3
BRDA:195,23,1,6
BRDA:200,24,0,1
BRDA:200,24,1,5
BRDA:204,25,0,1
BRDA:204,25,1,3
BRDA:204,25,2,1
BRDA:226,26,0,2
BRDA:226,26,1,3
BRDA:228,27,0,2
BRDA:228,27,1,2
BRDA:228,28,0,4
BRDA:228,28,1,4
BRDA:228,28,2,2
BRDA:234,29,0,3
BRDA:234,29,1,0
BRDA:234,30,0,3
BRDA:234,30,1,3
BRDA:234,30,2,3
BRDA:239,31,0,2
BRDA:239,31,1,0
BRDA:249,32,0,1
BRDA:249,32,1,1
BRDA:249,33,0,2
BRDA:249,33,1,1
BRDA:258,34,0,1
BRDA:258,34,1,4
BRDA:268,35,0,2
BRDA:268,35,1,1
BRDA:268,36,0,3
BRDA:268,36,1,2
BRDA:271,37,0,1
BRDA:271,37,1,1
BRDA:284,38,0,1
BRDA:284,38,1,1
BRDA:284,39,0,2
BRDA:284,39,1,2
BRDA:284,39,2,1
BRDA:286,40,0,1
BRDA:286,40,1,0
BRDA:312,41,0,1
BRDA:312,41,1,4
BRDA:316,42,0,3
BRDA:316,42,1,1
BRDA:355,43,0,0
BRDA:355,43,1,0
BRDA:355,44,0,0
BRDA:355,44,1,0
BRDA:361,45,0,1
BRDA:361,45,1,0
BRDA:366,46,0,0
BRDA:366,46,1,0
BRDA:366,47,0,0
BRDA:366,47,1,0
BRDA:366,47,2,0
BRDA:380,48,0,0
BRDA:380,48,1,0
BRDA:389,49,0,0
BRDA:389,49,1,0
BRDA:395,50,0,1
BRDA:395,50,1,40
BRDA:397,51,0,3
BRDA:397,51,1,38
BRDA:397,52,0,41
BRDA:397,52,1,41
BRDA:399,53,0,3
BRDA:399,53,1,35
BRDA:399,54,0,38
BRDA:399,54,1,38
BRDA:399,54,2,38
BRDA:401,55,0,35
BRDA:401,55,1,0
BRDA:409,56,0,40
BRDA:409,56,1,1
BRDA:418,57,0,35
BRDA:418,57,1,6
BRDA:418,58,0,41
BRDA:418,58,1,35
BRDA:421,59,0,19
BRDA:421,59,1,22
BRDA:427,60,0,0
BRDA:427,60,1,0
BRDA:428,61,0,0
BRDA:428,61,1,0
BRDA:428,62,0,0
BRDA:428,62,1,0
BRDA:447,63,0,2
BRDA:447,63,1,0
BRDA:453,64,0,2
BRDA:453,64,1,0
BRDA:456,65,0,2
BRDA:456,65,1,0
BRDA:461,66,0,0
BRDA:461,66,1,0
BRDA:461,67,0,0
BRDA:461,67,1,0
BRDA:461,67,2,0
BRDA:463,68,0,0
BRDA:463,68,1,0
BRDA:469,69,0,0
BRDA:469,69,1,0
BRDA:480,70,0,0
BRDA:480,70,1,0
BRDA:495,71,0,1
BRDA:495,71,1,1
BRDA:508,72,0,1
BRDA:508,72,1,1
BRDA:511,73,0,1
BRDA:511,73,1,0
BRDA:531,74,0,25
BRDA:531,74,1,711
BRDA:652,75,0,0
BRDA:652,75,1,0
BRDA:676,76,0,3
BRDA:676,76,1,0
BRDA:676,77,0,3
BRDA:676,77,1,3
BRDA:676,77,2,3
BRDA:781,78,0,2
BRDA:781,78,1,0
BRDA:781,79,0,2
BRDA:781,79,1,2
BRDA:781,79,2,2
BRDA:785,80,0,2
BRDA:785,80,1,0
BRDA:796,81,0,0
BRDA:796,81,1,2
BRDA:805,82,0,0
BRDA:805,82,1,2
BRDA:808,83,0,0
BRDA:808,83,1,2
BRDA:815,84,0,2
BRDA:815,84,1,0
BRDA:827,85,0,1
BRDA:827,85,1,1
BRDA:901,86,0,0
BRDA:901,86,1,1
BRDA:906,87,0,0
BRDA:906,87,1,1
BRDA:920,88,0,22
BRDA:920,88,1,0
BRDA:932,89,0,2
BRDA:932,89,1,0
BRDA:932,90,0,2
BRDA:932,90,1,0
BRDA:980,91,0,1
BRDA:980,91,1,0
BRDA:996,92,0,0
BRDA:996,92,1,0
BRDA:1012,93,0,85
BRDA:1012,93,1,68
BRDA:1012,93,2,63
BRDA:1012,93,3,63
BRDA:1027,94,0,176
BRDA:1027,94,1,132
BRDA:1027,95,0,308
BRDA:1027,95,1,308
BRDA:1232,96,0,0
BRDA:1232,96,1,0
BRDA:1234,97,0,0
BRDA:1234,97,1,0
BRDA:1495,98,0,1
BRDA:1495,98,1,0
BRDA:1498,99,0,1
BRDA:1498,99,1,0
BRDA:1618,100,0,0
BRDA:1618,100,1,0
BRDA:1649,101,0,3
BRDA:1649,101,1,0
BRDA:1649,102,0,3
BRDA:1649,102,1,0
BRDA:1657,103,0,0
BRDA:1657,103,1,0
BRDA:1676,104,0,0
BRDA:1676,104,1,1
BRDA:1688,105,0,0
BRDA:1688,105,1,1
BRDA:1688,106,0,1
BRDA:1688,106,1,1
BRDA:1690,107,0,0
BRDA:1690,107,1,0
BRDA:1691,108,0,0
BRDA:1691,108,1,0
BRDA:1698,109,0,0
BRDA:1698,109,1,0
BRDA:1704,110,0,1
BRDA:1704,110,1,0
BRDA:1712,111,0,1
BRDA:1712,111,1,0
BRDA:1712,112,0,1
BRDA:1712,112,1,1
BRDA:1739,113,0,3
BRDA:1739,113,1,0
BRDA:1739,114,0,3
BRDA:1739,114,1,3
BRDA:1743,115,0,3
BRDA:1743,115,1,0
BRDA:1747,116,0,3
BRDA:1747,116,1,0
BRDA:1781,117,0,0
BRDA:1781,117,1,1
BRDA:1781,118,0,1
BRDA:1781,118,1,0
BRDA:1783,119,0,0
BRDA:1783,119,1,1
BRDA:1783,120,0,1
BRDA:1783,120,1,0
BRDA:1785,121,0,0
BRDA:1785,121,1,0
BRDA:1792,122,0,0
BRDA:1792,122,1,0
BRDA:1796,123,0,0
BRDA:1796,123,1,1
BRDA:1796,124,0,1
BRDA:1796,124,1,0
BRDA:1796,124,2,0
BRDA:1796,124,3,0
BRDA:1801,125,0,0
BRDA:1801,125,1,1
BRDA:1806,126,0,1
BRDA:1806,126,1,0
BRDA:1815,127,0,0
BRDA:1815,127,1,0
BRDA:1821,128,0,0
BRDA:1821,128,1,0
BRDA:1821,129,0,0
BRDA:1821,129,1,0
BRDA:1823,130,0,0
BRDA:1823,130,1,0
BRDA:1845,131,0,1
BRDA:1845,131,1,2
BRDA:1847,132,0,1
BRDA:1847,132,1,1
BRDA:1849,133,0,1
BRDA:1849,133,1,0
BRDA:1859,134,0,1
BRDA:1859,134,1,5
BRDA:1861,135,0,4
BRDA:1861,135,1,2
BRDA:1863,136,0,1
BRDA:1863,136,1,3
BRDA:1864,137,0,2
BRDA:1864,137,1,1
BRDA:1879,138,0,0
BRDA:1879,138,1,1
BRDA:1892,139,0,0
BRDA:1892,139,1,1
BRDA:1896,140,0,0
BRDA:1896,140,1,1
BRDA:1901,141,0,1
BRDA:1901,141,1,0
BRDA:1918,142,0,1
BRDA:1918,142,1,0
BRDA:1918,143,0,1
BRDA:1918,143,1,1
BRDA:1918,143,2,0
BRDA:1918,143,3,0
BRDA:1920,144,0,1
BRDA:1920,144,1,0
BRDA:1940,145,0,0
BRDA:1940,145,1,0
BRDA:1941,146,0,0
BRDA:1941,146,1,0
BRDA:1952,147,0,0
BRDA:1952,147,1,2
BRDA:1960,148,0,0
BRDA:1960,148,1,2
BRDA:1964,149,0,2
BRDA:1964,149,1,0
BRDA:1964,150,0,2
BRDA:1964,150,1,2
BRDA:1971,151,0,0
BRDA:1971,151,1,0
BRDA:1971,152,0,0
BRDA:1971,152,1,0
BRDA:2002,153,0,0
BRDA:2002,153,1,5
BRDA:2002,154,0,5
BRDA:2002,154,1,5
BRDA:2012,155,0,2
BRDA:2012,155,1,0
BRDA:2036,156,0,0
BRDA:2036,156,1,0
BRDA:2036,157,0,0
BRDA:2036,157,1,0
BRDA:2055,158,0,186
BRDA:2055,158,1,0
BRDA:2060,159,0,153
BRDA:2060,159,1,33
BRDA:2060,160,0,186
BRDA:2060,160,1,37
BRDA:2060,160,2,186
BRDA:2067,161,0,4
BRDA:2067,161,1,182
BRDA:2077,162,0,53
BRDA:2077,162,1,253
BRDA:2077,163,0,306
BRDA:2077,163,1,57
BRDA:2087,164,0,0
BRDA:2087,164,1,0
BRDA:2095,165,0,0
BRDA:2095,165,1,2
BRDA:2121,166,0,0
BRDA:2121,166,1,2
BRDA:2121,167,0,2
BRDA:2121,167,1,1
BRDA:2123,168,0,0
BRDA:2123,168,1,2
BRDA:2123,169,0,2
BRDA:2123,169,1,2
BRDA:2130,170,0,2
BRDA:2130,170,1,0
BRDA:2144,171,0,2
BRDA:2144,171,1,0
BRDA:2161,172,0,6
BRDA:2161,172,1,0
BRDA:2161,173,0,6
BRDA:2161,173,1,6
BRDA:2161,173,2,6
BRDA:2161,173,3,4
BRDA:2167,174,0,8
BRDA:2167,174,1,0
BRDA:2189,175,0,6
BRDA:2189,175,1,0
BRDA:2194,176,0,0
BRDA:2194,176,1,0
BRDA:2200,177,0,0
BRDA:2200,177,1,0
BRDA:2214,178,0,0
BRDA:2214,178,1,0
BRDA:2239,179,0,10
BRDA:2239,179,1,0
BRDA:2240,180,0,10
BRDA:2240,180,1,0
BRDA:2242,181,0,3
BRDA:2242,181,1,0
BRDA:2243,182,0,3
BRDA:2243,182,1,0
BRDA:2257,183,0,2
BRDA:2257,183,1,48
BRDA:2257,184,0,50
BRDA:2257,184,1,48
BRDA:2259,185,0,2
BRDA:2259,185,1,0
BRDA:2262,186,0,0
BRDA:2262,186,1,0
BRDA:2273,187,0,0
BRDA:2273,187,1,1
BRDA:2273,188,0,1
BRDA:2273,188,1,1
BRDA:2273,188,2,0
BRDA:2293,189,0,0
BRDA:2293,189,1,2
BRDA:2303,190,0,0
BRDA:2303,190,1,0
BRDA:2321,191,0,0
BRDA:2321,191,1,1
BRDA:2321,192,0,1
BRDA:2321,192,1,0
BRDA:2321,192,2,0
BRDA:2321,192,3,0
BRDA:2338,193,0,32
BRDA:2338,193,1,94
BRDA:2341,194,0,6
BRDA:2341,194,1,88
BRDA:2347,195,0,0
BRDA:2347,195,1,2
BRDA:2351,196,0,49
BRDA:2351,196,1,47
BRF:414
BRH:226
end_of_record
